12:10:23 debug: 2024/12/22 下午12:10:23
12:10:23 debug: Project: C:\Users\eulao\OneDrive\Desktop\COCOSSLOT\cocos_slot\slot\slot
12:10:23 debug: Targets: editor,preview
12:10:23 debug: Incremental file seems great.
12:10:23 debug: Engine path: C:\ProgramData\cocos\editors\Creator\3.8.4\resources\resources\3d\engine
12:10:23 debug: Initializing target [Editor]
12:10:23 debug: Loading cache
12:10:23 debug: Loading cache costs 4.569999999832362ms.
12:10:23 debug: Engine features shipped in editor: base,gfx-webgl,gfx-webgl2,gfx-empty,gfx-webgpu,3d,animation,skeletal-animation,2d,ui,particle,particle-2d,physics-framework,physics-2d-framework,physics-2d-box2d-wasm,intersection-2d,primitive,profiler,occlusion-query,geometry-renderer,debug-renderer,audio,video,xr,light-probe,terrain,webview,tween,tiled-map,spine,dragon-bones,marionette,procedural-animation,custom-pipeline,custom-pipeline-builtin-scripts,custom-pipeline-post-process,legacy-pipeline,websocket,websocket-server,meshopt
12:10:23 debug: Our import map(foo:/bar): {
  "imports": {
    "cc": "cce:/internal/x/cc"
  }
}
12:10:23 debug: Initializing target [Preview]
12:10:23 debug: Loading cache
12:10:23 debug: Loading cache costs 4.814099999610335ms.
12:10:23 debug: Our import map(foo:/bar): {
  "imports": {
    "cc": "cce:/internal/x/cc"
  }
}
12:10:23 debug: Sync engine features: 2d,animation,audio,base,custom-pipeline,dragon-bones,gfx-webgl,gfx-webgl2,intersection-2d,particle-2d,physics-2d-box2d,profiler,spine,tiled-map,tween,ui,video,webview
12:10:23 debug: Reset databases. Enumerated domains: [
  {
    "root": "db://internal/",
    "physical": "C:\\ProgramData\\cocos\\editors\\Creator\\3.8.4\\resources\\resources\\3d\\engine\\editor\\assets"
  },
  {
    "root": "db://assets/",
    "physical": "C:\\Users\\eulao\\OneDrive\\Desktop\\COCOSSLOT\\cocos_slot\\slot\\slot\\assets"
  }
]
12:10:23 debug: Our import map(foo:/bar): {
  "imports": {
    "cc": "cce:/internal/x/cc",
    "db://internal/": "file:///C:/ProgramData/cocos/editors/Creator/3.8.4/resources/resources/3d/engine/editor/assets/",
    "db://assets/": "file:///C:/Users/eulao/OneDrive/Desktop/COCOSSLOT/cocos_slot/slot/slot/assets/"
  }
}
12:10:23 debug: Our import map(foo:/bar): {
  "imports": {
    "cc": "cce:/internal/x/cc",
    "db://internal/": "file:///C:/ProgramData/cocos/editors/Creator/3.8.4/resources/resources/3d/engine/editor/assets/",
    "db://assets/": "file:///C:/Users/eulao/OneDrive/Desktop/COCOSSLOT/cocos_slot/slot/slot/assets/"
  }
}
12:10:23 debug: Pulling asset-db.
12:10:23 debug: Fetch asset-db cost: 11.851899999659508ms.
12:10:23 debug: Build iteration starts.
Number of accumulated asset changes: 10
Feature changed: false
12:10:23 debug: Target(editor) build started.
12:10:23 debug: Detected change: cce:/internal/x/cc. Last mtime: Thu Jan 01 1970 08:00:47 GMT+0800 (GMT+08:00), Current mtime: Thu Jan 01 1970 08:00:28 GMT+0800 (GMT+08:00)
12:10:23 debug: Inspect cce:/internal/x/cc
12:10:23 debug: Resolve cce:/internal/x/cc-fu/base from cce:/internal/x/cc as external dependency cce:/internal/x/cc-fu/base.
12:10:23 debug: Resolve cce:/internal/x/cc-fu/gfx-webgl from cce:/internal/x/cc as external dependency cce:/internal/x/cc-fu/gfx-webgl.
12:10:23 debug: Resolve cce:/internal/x/cc-fu/gfx-webgl2 from cce:/internal/x/cc as external dependency cce:/internal/x/cc-fu/gfx-webgl2.
12:10:23 debug: Resolve cce:/internal/x/cc-fu/gfx-empty from cce:/internal/x/cc as external dependency cce:/internal/x/cc-fu/gfx-empty.
12:10:23 debug: Resolve cce:/internal/x/cc-fu/gfx-webgpu from cce:/internal/x/cc as external dependency cce:/internal/x/cc-fu/gfx-webgpu.
12:10:23 debug: Resolve cce:/internal/x/cc-fu/3d from cce:/internal/x/cc as external dependency cce:/internal/x/cc-fu/3d.
12:10:23 debug: Resolve cce:/internal/x/cc-fu/animation from cce:/internal/x/cc as external dependency cce:/internal/x/cc-fu/animation.
12:10:23 debug: Resolve cce:/internal/x/cc-fu/skeletal-animation from cce:/internal/x/cc as external dependency cce:/internal/x/cc-fu/skeletal-animation.
12:10:23 debug: Resolve cce:/internal/x/cc-fu/2d from cce:/internal/x/cc as external dependency cce:/internal/x/cc-fu/2d.
12:10:23 debug: Resolve cce:/internal/x/cc-fu/sorting from cce:/internal/x/cc as external dependency cce:/internal/x/cc-fu/sorting.
12:10:23 debug: Resolve cce:/internal/x/cc-fu/ui from cce:/internal/x/cc as external dependency cce:/internal/x/cc-fu/ui.
12:10:23 debug: Resolve cce:/internal/x/cc-fu/particle from cce:/internal/x/cc as external dependency cce:/internal/x/cc-fu/particle.
12:10:23 debug: Resolve cce:/internal/x/cc-fu/particle-2d from cce:/internal/x/cc as external dependency cce:/internal/x/cc-fu/particle-2d.
12:10:23 debug: Resolve cce:/internal/x/cc-fu/physics-framework from cce:/internal/x/cc as external dependency cce:/internal/x/cc-fu/physics-framework.
12:10:23 debug: Resolve cce:/internal/x/cc-fu/physics-2d-framework from cce:/internal/x/cc as external dependency cce:/internal/x/cc-fu/physics-2d-framework.
12:10:23 debug: Resolve cce:/internal/x/cc-fu/physics-2d-box2d-wasm from cce:/internal/x/cc as external dependency cce:/internal/x/cc-fu/physics-2d-box2d-wasm.
12:10:23 debug: Resolve cce:/internal/x/cc-fu/intersection-2d from cce:/internal/x/cc as external dependency cce:/internal/x/cc-fu/intersection-2d.
12:10:23 debug: Resolve cce:/internal/x/cc-fu/primitive from cce:/internal/x/cc as external dependency cce:/internal/x/cc-fu/primitive.
12:10:23 debug: Resolve cce:/internal/x/cc-fu/profiler from cce:/internal/x/cc as external dependency cce:/internal/x/cc-fu/profiler.
12:10:23 debug: Resolve cce:/internal/x/cc-fu/geometry-renderer from cce:/internal/x/cc as external dependency cce:/internal/x/cc-fu/geometry-renderer.
12:10:23 debug: Resolve cce:/internal/x/cc-fu/audio from cce:/internal/x/cc as external dependency cce:/internal/x/cc-fu/audio.
12:10:23 debug: Resolve cce:/internal/x/cc-fu/video from cce:/internal/x/cc as external dependency cce:/internal/x/cc-fu/video.
12:10:23 debug: Resolve cce:/internal/x/cc-fu/xr from cce:/internal/x/cc as external dependency cce:/internal/x/cc-fu/xr.
12:10:23 debug: Resolve cce:/internal/x/cc-fu/light-probe from cce:/internal/x/cc as external dependency cce:/internal/x/cc-fu/light-probe.
12:10:23 debug: Resolve cce:/internal/x/cc-fu/terrain from cce:/internal/x/cc as external dependency cce:/internal/x/cc-fu/terrain.
12:10:23 debug: Resolve cce:/internal/x/cc-fu/webview from cce:/internal/x/cc as external dependency cce:/internal/x/cc-fu/webview.
12:10:23 debug: Resolve cce:/internal/x/cc-fu/tween from cce:/internal/x/cc as external dependency cce:/internal/x/cc-fu/tween.
12:10:23 debug: Resolve cce:/internal/x/cc-fu/tiled-map from cce:/internal/x/cc as external dependency cce:/internal/x/cc-fu/tiled-map.
12:10:23 debug: Resolve cce:/internal/x/cc-fu/spine from cce:/internal/x/cc as external dependency cce:/internal/x/cc-fu/spine.
12:10:23 debug: Resolve cce:/internal/x/cc-fu/dragon-bones from cce:/internal/x/cc as external dependency cce:/internal/x/cc-fu/dragon-bones.
12:10:23 debug: Resolve cce:/internal/x/cc-fu/custom-pipeline from cce:/internal/x/cc as external dependency cce:/internal/x/cc-fu/custom-pipeline.
12:10:23 debug: Resolve cce:/internal/x/cc-fu/custom-pipeline-post-process from cce:/internal/x/cc as external dependency cce:/internal/x/cc-fu/custom-pipeline-post-process.
12:10:23 debug: Resolve cce:/internal/x/cc-fu/legacy-pipeline from cce:/internal/x/cc as external dependency cce:/internal/x/cc-fu/legacy-pipeline.
12:10:23 debug: Detected change: cce:/internal/x/prerequisite-imports. Last mtime: Thu Jan 01 1970 08:01:02 GMT+0800 (GMT+08:00), Current mtime: Thu Jan 01 1970 08:00:28 GMT+0800 (GMT+08:00)
12:10:23 debug: Inspect cce:/internal/x/prerequisite-imports
12:10:23 debug: Resolve file:///C:/ProgramData/cocos/editors/Creator/3.8.4/resources/resources/3d/engine/editor/assets/default_renderpipeline/builtin-pipeline-settings.ts from cce:/internal/x/prerequisite-imports as file:///C:/ProgramData/cocos/editors/Creator/3.8.4/resources/resources/3d/engine/editor/assets/default_renderpipeline/builtin-pipeline-settings.ts.
12:10:23 debug: Resolve cce:/internal/code-quality/cr.mjs from file:///C:/ProgramData/cocos/editors/Creator/3.8.4/resources/resources/3d/engine/editor/assets/default_renderpipeline/builtin-pipeline-settings.ts as cce:/internal/code-quality/cr.mjs.
12:10:23 debug: Detected change: cce:/internal/code-quality/cr.mjs. Last mtime: Sun Dec 22 2024 12:04:18 GMT+0800 (GMT+08:00), Current mtime: Sun Dec 22 2024 12:09:55 GMT+0800 (GMT+08:00)
12:10:23 debug: Inspect cce:/internal/code-quality/cr.mjs
12:10:23 debug: Resolve cc from file:///C:/ProgramData/cocos/editors/Creator/3.8.4/resources/resources/3d/engine/editor/assets/default_renderpipeline/builtin-pipeline-settings.ts as cce:/internal/x/cc.
12:10:23 debug: Resolve cc from file:///C:/ProgramData/cocos/editors/Creator/3.8.4/resources/resources/3d/engine/editor/assets/default_renderpipeline/builtin-pipeline-settings.ts as cce:/internal/x/cc.
12:10:23 debug: Resolve cc from file:///C:/ProgramData/cocos/editors/Creator/3.8.4/resources/resources/3d/engine/editor/assets/default_renderpipeline/builtin-pipeline-settings.ts as cce:/internal/x/cc.
12:10:23 debug: Resolve cc/env from file:///C:/ProgramData/cocos/editors/Creator/3.8.4/resources/resources/3d/engine/editor/assets/default_renderpipeline/builtin-pipeline-settings.ts as external dependency cc/env.
12:10:23 debug: Resolve ./builtin-pipeline-types from file:///C:/ProgramData/cocos/editors/Creator/3.8.4/resources/resources/3d/engine/editor/assets/default_renderpipeline/builtin-pipeline-settings.ts as file:///C:/ProgramData/cocos/editors/Creator/3.8.4/resources/resources/3d/engine/editor/assets/default_renderpipeline/builtin-pipeline-types.ts.
12:10:23 debug: Resolve cc from file:///C:/ProgramData/cocos/editors/Creator/3.8.4/resources/resources/3d/engine/editor/assets/default_renderpipeline/builtin-pipeline-types.ts as cce:/internal/x/cc.
12:10:23 debug: Resolve cc from file:///C:/ProgramData/cocos/editors/Creator/3.8.4/resources/resources/3d/engine/editor/assets/default_renderpipeline/builtin-pipeline-types.ts as cce:/internal/x/cc.
12:10:23 debug: Resolve cc from file:///C:/ProgramData/cocos/editors/Creator/3.8.4/resources/resources/3d/engine/editor/assets/default_renderpipeline/builtin-pipeline-types.ts as cce:/internal/x/cc.
12:10:23 debug: Resolve file:///C:/ProgramData/cocos/editors/Creator/3.8.4/resources/resources/3d/engine/editor/assets/default_renderpipeline/builtin-pipeline-types.ts from cce:/internal/x/prerequisite-imports as file:///C:/ProgramData/cocos/editors/Creator/3.8.4/resources/resources/3d/engine/editor/assets/default_renderpipeline/builtin-pipeline-types.ts.
12:10:23 debug: Resolve file:///C:/ProgramData/cocos/editors/Creator/3.8.4/resources/resources/3d/engine/editor/assets/default_renderpipeline/builtin-pipeline.ts from cce:/internal/x/prerequisite-imports as file:///C:/ProgramData/cocos/editors/Creator/3.8.4/resources/resources/3d/engine/editor/assets/default_renderpipeline/builtin-pipeline.ts.
12:10:23 debug: Resolve cce:/internal/code-quality/cr.mjs from file:///C:/ProgramData/cocos/editors/Creator/3.8.4/resources/resources/3d/engine/editor/assets/default_renderpipeline/builtin-pipeline.ts as cce:/internal/code-quality/cr.mjs.
12:10:23 debug: Resolve cc from file:///C:/ProgramData/cocos/editors/Creator/3.8.4/resources/resources/3d/engine/editor/assets/default_renderpipeline/builtin-pipeline.ts as cce:/internal/x/cc.
12:10:23 debug: Resolve cc from file:///C:/ProgramData/cocos/editors/Creator/3.8.4/resources/resources/3d/engine/editor/assets/default_renderpipeline/builtin-pipeline.ts as cce:/internal/x/cc.
12:10:23 debug: Resolve cc/env from file:///C:/ProgramData/cocos/editors/Creator/3.8.4/resources/resources/3d/engine/editor/assets/default_renderpipeline/builtin-pipeline.ts as external dependency cc/env.
12:10:23 debug: Resolve cc from file:///C:/ProgramData/cocos/editors/Creator/3.8.4/resources/resources/3d/engine/editor/assets/default_renderpipeline/builtin-pipeline.ts as cce:/internal/x/cc.
12:10:23 debug: Resolve ./builtin-pipeline-types from file:///C:/ProgramData/cocos/editors/Creator/3.8.4/resources/resources/3d/engine/editor/assets/default_renderpipeline/builtin-pipeline.ts as file:///C:/ProgramData/cocos/editors/Creator/3.8.4/resources/resources/3d/engine/editor/assets/default_renderpipeline/builtin-pipeline-types.ts.
12:10:23 debug: Resolve file:///C:/ProgramData/cocos/editors/Creator/3.8.4/resources/resources/3d/engine/editor/assets/tools/debug-view-runtime-control.ts from cce:/internal/x/prerequisite-imports as file:///C:/ProgramData/cocos/editors/Creator/3.8.4/resources/resources/3d/engine/editor/assets/tools/debug-view-runtime-control.ts.
12:10:23 debug: Resolve cc from file:///C:/ProgramData/cocos/editors/Creator/3.8.4/resources/resources/3d/engine/editor/assets/tools/debug-view-runtime-control.ts as cce:/internal/x/cc.
12:10:23 debug: Resolve cc from file:///C:/ProgramData/cocos/editors/Creator/3.8.4/resources/resources/3d/engine/editor/assets/tools/debug-view-runtime-control.ts as cce:/internal/x/cc.
12:10:23 debug: Resolve cc from file:///C:/ProgramData/cocos/editors/Creator/3.8.4/resources/resources/3d/engine/editor/assets/tools/debug-view-runtime-control.ts as cce:/internal/x/cc.
12:10:23 debug: Resolve file:///C:/Users/eulao/OneDrive/Desktop/COCOSSLOT/cocos_slot/slot/slot/assets/scripts/controllers/GameController.ts from cce:/internal/x/prerequisite-imports as file:///C:/Users/eulao/OneDrive/Desktop/COCOSSLOT/cocos_slot/slot/slot/assets/scripts/controllers/GameController.ts.
12:10:23 debug: Inspect file:///C:/Users/eulao/OneDrive/Desktop/COCOSSLOT/cocos_slot/slot/slot/assets/scripts/controllers/GameController.ts
12:10:24 debug: Resolve cce:/internal/code-quality/cr.mjs from file:///C:/Users/eulao/OneDrive/Desktop/COCOSSLOT/cocos_slot/slot/slot/assets/scripts/controllers/GameController.ts as cce:/internal/code-quality/cr.mjs.
12:10:24 debug: Resolve cc from file:///C:/Users/eulao/OneDrive/Desktop/COCOSSLOT/cocos_slot/slot/slot/assets/scripts/controllers/GameController.ts as cce:/internal/x/cc.
12:10:24 debug: Resolve cc from file:///C:/Users/eulao/OneDrive/Desktop/COCOSSLOT/cocos_slot/slot/slot/assets/scripts/controllers/GameController.ts as cce:/internal/x/cc.
12:10:24 debug: Resolve cc from file:///C:/Users/eulao/OneDrive/Desktop/COCOSSLOT/cocos_slot/slot/slot/assets/scripts/controllers/GameController.ts as cce:/internal/x/cc.
12:10:24 debug: Resolve ./MusicController from file:///C:/Users/eulao/OneDrive/Desktop/COCOSSLOT/cocos_slot/slot/slot/assets/scripts/controllers/GameController.ts as file:///C:/Users/eulao/OneDrive/Desktop/COCOSSLOT/cocos_slot/slot/slot/assets/scripts/controllers/MusicController.ts.
12:10:24 debug: Inspect file:///C:/Users/eulao/OneDrive/Desktop/COCOSSLOT/cocos_slot/slot/slot/assets/scripts/controllers/MusicController.ts
12:10:24 debug: Resolve cc from file:///C:/Users/eulao/OneDrive/Desktop/COCOSSLOT/cocos_slot/slot/slot/assets/scripts/controllers/MusicController.ts as cce:/internal/x/cc.
12:10:24 debug: Resolve cc from file:///C:/Users/eulao/OneDrive/Desktop/COCOSSLOT/cocos_slot/slot/slot/assets/scripts/controllers/MusicController.ts as cce:/internal/x/cc.
12:10:24 debug: Resolve cc from file:///C:/Users/eulao/OneDrive/Desktop/COCOSSLOT/cocos_slot/slot/slot/assets/scripts/controllers/MusicController.ts as cce:/internal/x/cc.
12:10:24 debug: Resolve ../services/GameService from file:///C:/Users/eulao/OneDrive/Desktop/COCOSSLOT/cocos_slot/slot/slot/assets/scripts/controllers/GameController.ts as file:///C:/Users/eulao/OneDrive/Desktop/COCOSSLOT/cocos_slot/slot/slot/assets/scripts/services/GameService.ts.
12:10:24 debug: Inspect file:///C:/Users/eulao/OneDrive/Desktop/COCOSSLOT/cocos_slot/slot/slot/assets/scripts/services/GameService.ts
12:10:24 debug: Resolve cce:/internal/code-quality/cr.mjs from file:///C:/Users/eulao/OneDrive/Desktop/COCOSSLOT/cocos_slot/slot/slot/assets/scripts/services/GameService.ts as cce:/internal/code-quality/cr.mjs.
12:10:24 debug: Resolve cc from file:///C:/Users/eulao/OneDrive/Desktop/COCOSSLOT/cocos_slot/slot/slot/assets/scripts/services/GameService.ts as cce:/internal/x/cc.
12:10:24 debug: Resolve cc from file:///C:/Users/eulao/OneDrive/Desktop/COCOSSLOT/cocos_slot/slot/slot/assets/scripts/services/GameService.ts as cce:/internal/x/cc.
12:10:24 debug: Resolve cc from file:///C:/Users/eulao/OneDrive/Desktop/COCOSSLOT/cocos_slot/slot/slot/assets/scripts/services/GameService.ts as cce:/internal/x/cc.
12:10:24 debug: Resolve ../../utils/SlotPicturesEnum from file:///C:/Users/eulao/OneDrive/Desktop/COCOSSLOT/cocos_slot/slot/slot/assets/scripts/services/GameService.ts as file:///C:/Users/eulao/OneDrive/Desktop/COCOSSLOT/cocos_slot/slot/slot/assets/utils/SlotPicturesEnum.ts.
12:10:24 debug: Inspect file:///C:/Users/eulao/OneDrive/Desktop/COCOSSLOT/cocos_slot/slot/slot/assets/utils/SlotPicturesEnum.ts
12:10:24 debug: Resolve cc from file:///C:/Users/eulao/OneDrive/Desktop/COCOSSLOT/cocos_slot/slot/slot/assets/utils/SlotPicturesEnum.ts as cce:/internal/x/cc.
12:10:24 debug: Resolve ../../utils/FunctionUtils from file:///C:/Users/eulao/OneDrive/Desktop/COCOSSLOT/cocos_slot/slot/slot/assets/scripts/controllers/GameController.ts as file:///C:/Users/eulao/OneDrive/Desktop/COCOSSLOT/cocos_slot/slot/slot/assets/utils/FunctionUtils.ts.
12:10:24 debug: Inspect file:///C:/Users/eulao/OneDrive/Desktop/COCOSSLOT/cocos_slot/slot/slot/assets/utils/FunctionUtils.ts
12:10:24 debug: Resolve cc from file:///C:/Users/eulao/OneDrive/Desktop/COCOSSLOT/cocos_slot/slot/slot/assets/utils/FunctionUtils.ts as cce:/internal/x/cc.
12:10:24 debug: Resolve file:///C:/Users/eulao/OneDrive/Desktop/COCOSSLOT/cocos_slot/slot/slot/assets/scripts/controllers/MusicController.ts from cce:/internal/x/prerequisite-imports as file:///C:/Users/eulao/OneDrive/Desktop/COCOSSLOT/cocos_slot/slot/slot/assets/scripts/controllers/MusicController.ts.
12:10:24 debug: Resolve file:///C:/Users/eulao/OneDrive/Desktop/COCOSSLOT/cocos_slot/slot/slot/assets/scripts/controllers/ResultController.ts from cce:/internal/x/prerequisite-imports as file:///C:/Users/eulao/OneDrive/Desktop/COCOSSLOT/cocos_slot/slot/slot/assets/scripts/controllers/ResultController.ts.
12:10:24 debug: Inspect file:///C:/Users/eulao/OneDrive/Desktop/COCOSSLOT/cocos_slot/slot/slot/assets/scripts/controllers/ResultController.ts
12:10:24 debug: Resolve cc from file:///C:/Users/eulao/OneDrive/Desktop/COCOSSLOT/cocos_slot/slot/slot/assets/scripts/controllers/ResultController.ts as cce:/internal/x/cc.
12:10:24 debug: Resolve cc from file:///C:/Users/eulao/OneDrive/Desktop/COCOSSLOT/cocos_slot/slot/slot/assets/scripts/controllers/ResultController.ts as cce:/internal/x/cc.
12:10:24 debug: Resolve cc from file:///C:/Users/eulao/OneDrive/Desktop/COCOSSLOT/cocos_slot/slot/slot/assets/scripts/controllers/ResultController.ts as cce:/internal/x/cc.
12:10:24 debug: Resolve file:///C:/Users/eulao/OneDrive/Desktop/COCOSSLOT/cocos_slot/slot/slot/assets/scripts/services/GameService.ts from cce:/internal/x/prerequisite-imports as file:///C:/Users/eulao/OneDrive/Desktop/COCOSSLOT/cocos_slot/slot/slot/assets/scripts/services/GameService.ts.
12:10:24 debug: Resolve file:///C:/Users/eulao/OneDrive/Desktop/COCOSSLOT/cocos_slot/slot/slot/assets/utils/FunctionUtils.ts from cce:/internal/x/prerequisite-imports as file:///C:/Users/eulao/OneDrive/Desktop/COCOSSLOT/cocos_slot/slot/slot/assets/utils/FunctionUtils.ts.
12:10:24 debug: Resolve file:///C:/Users/eulao/OneDrive/Desktop/COCOSSLOT/cocos_slot/slot/slot/assets/utils/SlotPicturesEnum.ts from cce:/internal/x/prerequisite-imports as file:///C:/Users/eulao/OneDrive/Desktop/COCOSSLOT/cocos_slot/slot/slot/assets/utils/SlotPicturesEnum.ts.
12:10:24 debug: Target(editor) ends with cost 903.9732999997213ms.
12:10:24 debug: Target(preview) build started.
12:10:24 debug: Detected change: cce:/internal/x/cc. Last mtime: Thu Jan 01 1970 08:00:47 GMT+0800 (GMT+08:00), Current mtime: Thu Jan 01 1970 08:00:28 GMT+0800 (GMT+08:00)
12:10:24 debug: Inspect cce:/internal/x/cc
12:10:24 debug: Resolve cce:/internal/x/cc-fu/2d from cce:/internal/x/cc as external dependency cce:/internal/x/cc-fu/2d.
12:10:24 debug: Resolve cce:/internal/x/cc-fu/sorting from cce:/internal/x/cc as external dependency cce:/internal/x/cc-fu/sorting.
12:10:24 debug: Resolve cce:/internal/x/cc-fu/animation from cce:/internal/x/cc as external dependency cce:/internal/x/cc-fu/animation.
12:10:24 debug: Resolve cce:/internal/x/cc-fu/audio from cce:/internal/x/cc as external dependency cce:/internal/x/cc-fu/audio.
12:10:24 debug: Resolve cce:/internal/x/cc-fu/base from cce:/internal/x/cc as external dependency cce:/internal/x/cc-fu/base.
12:10:24 debug: Resolve cce:/internal/x/cc-fu/custom-pipeline from cce:/internal/x/cc as external dependency cce:/internal/x/cc-fu/custom-pipeline.
12:10:24 debug: Resolve cce:/internal/x/cc-fu/dragon-bones from cce:/internal/x/cc as external dependency cce:/internal/x/cc-fu/dragon-bones.
12:10:24 debug: Resolve cce:/internal/x/cc-fu/gfx-webgl from cce:/internal/x/cc as external dependency cce:/internal/x/cc-fu/gfx-webgl.
12:10:24 debug: Resolve cce:/internal/x/cc-fu/gfx-webgl2 from cce:/internal/x/cc as external dependency cce:/internal/x/cc-fu/gfx-webgl2.
12:10:24 debug: Resolve cce:/internal/x/cc-fu/intersection-2d from cce:/internal/x/cc as external dependency cce:/internal/x/cc-fu/intersection-2d.
12:10:24 debug: Resolve cce:/internal/x/cc-fu/particle-2d from cce:/internal/x/cc as external dependency cce:/internal/x/cc-fu/particle-2d.
12:10:24 debug: Resolve cce:/internal/x/cc-fu/physics-2d-box2d from cce:/internal/x/cc as external dependency cce:/internal/x/cc-fu/physics-2d-box2d.
12:10:24 debug: Resolve cce:/internal/x/cc-fu/physics-2d-framework from cce:/internal/x/cc as external dependency cce:/internal/x/cc-fu/physics-2d-framework.
12:10:24 debug: Resolve cce:/internal/x/cc-fu/profiler from cce:/internal/x/cc as external dependency cce:/internal/x/cc-fu/profiler.
12:10:24 debug: Resolve cce:/internal/x/cc-fu/spine from cce:/internal/x/cc as external dependency cce:/internal/x/cc-fu/spine.
12:10:24 debug: Resolve cce:/internal/x/cc-fu/tiled-map from cce:/internal/x/cc as external dependency cce:/internal/x/cc-fu/tiled-map.
12:10:24 debug: Resolve cce:/internal/x/cc-fu/tween from cce:/internal/x/cc as external dependency cce:/internal/x/cc-fu/tween.
12:10:24 debug: Resolve cce:/internal/x/cc-fu/ui from cce:/internal/x/cc as external dependency cce:/internal/x/cc-fu/ui.
12:10:24 debug: Resolve cce:/internal/x/cc-fu/video from cce:/internal/x/cc as external dependency cce:/internal/x/cc-fu/video.
12:10:24 debug: Resolve cce:/internal/x/cc-fu/webview from cce:/internal/x/cc as external dependency cce:/internal/x/cc-fu/webview.
12:10:24 debug: Detected change: cce:/internal/x/prerequisite-imports. Last mtime: Thu Jan 01 1970 08:01:02 GMT+0800 (GMT+08:00), Current mtime: Thu Jan 01 1970 08:00:29 GMT+0800 (GMT+08:00)
12:10:24 debug: Inspect cce:/internal/x/prerequisite-imports
12:10:24 debug: Resolve file:///C:/ProgramData/cocos/editors/Creator/3.8.4/resources/resources/3d/engine/editor/assets/default_renderpipeline/builtin-pipeline-settings.ts from cce:/internal/x/prerequisite-imports as file:///C:/ProgramData/cocos/editors/Creator/3.8.4/resources/resources/3d/engine/editor/assets/default_renderpipeline/builtin-pipeline-settings.ts.
12:10:24 debug: Resolve cce:/internal/code-quality/cr.mjs from file:///C:/ProgramData/cocos/editors/Creator/3.8.4/resources/resources/3d/engine/editor/assets/default_renderpipeline/builtin-pipeline-settings.ts as cce:/internal/code-quality/cr.mjs.
12:10:24 debug: Detected change: cce:/internal/code-quality/cr.mjs. Last mtime: Sun Dec 22 2024 12:04:18 GMT+0800 (GMT+08:00), Current mtime: Sun Dec 22 2024 12:09:55 GMT+0800 (GMT+08:00)
12:10:24 debug: Inspect cce:/internal/code-quality/cr.mjs
12:10:24 debug: Resolve cc from file:///C:/ProgramData/cocos/editors/Creator/3.8.4/resources/resources/3d/engine/editor/assets/default_renderpipeline/builtin-pipeline-settings.ts as cce:/internal/x/cc.
12:10:24 debug: Resolve cc from file:///C:/ProgramData/cocos/editors/Creator/3.8.4/resources/resources/3d/engine/editor/assets/default_renderpipeline/builtin-pipeline-settings.ts as cce:/internal/x/cc.
12:10:24 debug: Resolve cc from file:///C:/ProgramData/cocos/editors/Creator/3.8.4/resources/resources/3d/engine/editor/assets/default_renderpipeline/builtin-pipeline-settings.ts as cce:/internal/x/cc.
12:10:24 debug: Resolve cc/env from file:///C:/ProgramData/cocos/editors/Creator/3.8.4/resources/resources/3d/engine/editor/assets/default_renderpipeline/builtin-pipeline-settings.ts as external dependency cc/env.
12:10:24 debug: Resolve ./builtin-pipeline-types from file:///C:/ProgramData/cocos/editors/Creator/3.8.4/resources/resources/3d/engine/editor/assets/default_renderpipeline/builtin-pipeline-settings.ts as file:///C:/ProgramData/cocos/editors/Creator/3.8.4/resources/resources/3d/engine/editor/assets/default_renderpipeline/builtin-pipeline-types.ts.
12:10:24 debug: Resolve cc from file:///C:/ProgramData/cocos/editors/Creator/3.8.4/resources/resources/3d/engine/editor/assets/default_renderpipeline/builtin-pipeline-types.ts as cce:/internal/x/cc.
12:10:24 debug: Resolve cc from file:///C:/ProgramData/cocos/editors/Creator/3.8.4/resources/resources/3d/engine/editor/assets/default_renderpipeline/builtin-pipeline-types.ts as cce:/internal/x/cc.
12:10:24 debug: Resolve cc from file:///C:/ProgramData/cocos/editors/Creator/3.8.4/resources/resources/3d/engine/editor/assets/default_renderpipeline/builtin-pipeline-types.ts as cce:/internal/x/cc.
12:10:24 debug: Resolve file:///C:/ProgramData/cocos/editors/Creator/3.8.4/resources/resources/3d/engine/editor/assets/default_renderpipeline/builtin-pipeline-types.ts from cce:/internal/x/prerequisite-imports as file:///C:/ProgramData/cocos/editors/Creator/3.8.4/resources/resources/3d/engine/editor/assets/default_renderpipeline/builtin-pipeline-types.ts.
12:10:24 debug: Resolve file:///C:/ProgramData/cocos/editors/Creator/3.8.4/resources/resources/3d/engine/editor/assets/default_renderpipeline/builtin-pipeline.ts from cce:/internal/x/prerequisite-imports as file:///C:/ProgramData/cocos/editors/Creator/3.8.4/resources/resources/3d/engine/editor/assets/default_renderpipeline/builtin-pipeline.ts.
12:10:24 debug: Resolve cce:/internal/code-quality/cr.mjs from file:///C:/ProgramData/cocos/editors/Creator/3.8.4/resources/resources/3d/engine/editor/assets/default_renderpipeline/builtin-pipeline.ts as cce:/internal/code-quality/cr.mjs.
12:10:24 debug: Resolve cc from file:///C:/ProgramData/cocos/editors/Creator/3.8.4/resources/resources/3d/engine/editor/assets/default_renderpipeline/builtin-pipeline.ts as cce:/internal/x/cc.
12:10:24 debug: Resolve cc from file:///C:/ProgramData/cocos/editors/Creator/3.8.4/resources/resources/3d/engine/editor/assets/default_renderpipeline/builtin-pipeline.ts as cce:/internal/x/cc.
12:10:24 debug: Resolve cc/env from file:///C:/ProgramData/cocos/editors/Creator/3.8.4/resources/resources/3d/engine/editor/assets/default_renderpipeline/builtin-pipeline.ts as external dependency cc/env.
12:10:24 debug: Resolve cc from file:///C:/ProgramData/cocos/editors/Creator/3.8.4/resources/resources/3d/engine/editor/assets/default_renderpipeline/builtin-pipeline.ts as cce:/internal/x/cc.
12:10:24 debug: Resolve ./builtin-pipeline-types from file:///C:/ProgramData/cocos/editors/Creator/3.8.4/resources/resources/3d/engine/editor/assets/default_renderpipeline/builtin-pipeline.ts as file:///C:/ProgramData/cocos/editors/Creator/3.8.4/resources/resources/3d/engine/editor/assets/default_renderpipeline/builtin-pipeline-types.ts.
12:10:24 debug: Resolve file:///C:/ProgramData/cocos/editors/Creator/3.8.4/resources/resources/3d/engine/editor/assets/tools/debug-view-runtime-control.ts from cce:/internal/x/prerequisite-imports as file:///C:/ProgramData/cocos/editors/Creator/3.8.4/resources/resources/3d/engine/editor/assets/tools/debug-view-runtime-control.ts.
12:10:24 debug: Resolve cc from file:///C:/ProgramData/cocos/editors/Creator/3.8.4/resources/resources/3d/engine/editor/assets/tools/debug-view-runtime-control.ts as cce:/internal/x/cc.
12:10:24 debug: Resolve cc from file:///C:/ProgramData/cocos/editors/Creator/3.8.4/resources/resources/3d/engine/editor/assets/tools/debug-view-runtime-control.ts as cce:/internal/x/cc.
12:10:24 debug: Resolve cc from file:///C:/ProgramData/cocos/editors/Creator/3.8.4/resources/resources/3d/engine/editor/assets/tools/debug-view-runtime-control.ts as cce:/internal/x/cc.
12:10:24 debug: Resolve file:///C:/Users/eulao/OneDrive/Desktop/COCOSSLOT/cocos_slot/slot/slot/assets/scripts/controllers/GameController.ts from cce:/internal/x/prerequisite-imports as file:///C:/Users/eulao/OneDrive/Desktop/COCOSSLOT/cocos_slot/slot/slot/assets/scripts/controllers/GameController.ts.
12:10:24 debug: Inspect file:///C:/Users/eulao/OneDrive/Desktop/COCOSSLOT/cocos_slot/slot/slot/assets/scripts/controllers/GameController.ts
12:10:24 debug: Resolve cce:/internal/code-quality/cr.mjs from file:///C:/Users/eulao/OneDrive/Desktop/COCOSSLOT/cocos_slot/slot/slot/assets/scripts/controllers/GameController.ts as cce:/internal/code-quality/cr.mjs.
12:10:24 debug: Resolve cc from file:///C:/Users/eulao/OneDrive/Desktop/COCOSSLOT/cocos_slot/slot/slot/assets/scripts/controllers/GameController.ts as cce:/internal/x/cc.
12:10:24 debug: Resolve cc from file:///C:/Users/eulao/OneDrive/Desktop/COCOSSLOT/cocos_slot/slot/slot/assets/scripts/controllers/GameController.ts as cce:/internal/x/cc.
12:10:24 debug: Resolve cc from file:///C:/Users/eulao/OneDrive/Desktop/COCOSSLOT/cocos_slot/slot/slot/assets/scripts/controllers/GameController.ts as cce:/internal/x/cc.
12:10:24 debug: Resolve ./MusicController from file:///C:/Users/eulao/OneDrive/Desktop/COCOSSLOT/cocos_slot/slot/slot/assets/scripts/controllers/GameController.ts as file:///C:/Users/eulao/OneDrive/Desktop/COCOSSLOT/cocos_slot/slot/slot/assets/scripts/controllers/MusicController.ts.
12:10:24 debug: Inspect file:///C:/Users/eulao/OneDrive/Desktop/COCOSSLOT/cocos_slot/slot/slot/assets/scripts/controllers/MusicController.ts
12:10:24 debug: Resolve cc from file:///C:/Users/eulao/OneDrive/Desktop/COCOSSLOT/cocos_slot/slot/slot/assets/scripts/controllers/MusicController.ts as cce:/internal/x/cc.
12:10:24 debug: Resolve cc from file:///C:/Users/eulao/OneDrive/Desktop/COCOSSLOT/cocos_slot/slot/slot/assets/scripts/controllers/MusicController.ts as cce:/internal/x/cc.
12:10:24 debug: Resolve cc from file:///C:/Users/eulao/OneDrive/Desktop/COCOSSLOT/cocos_slot/slot/slot/assets/scripts/controllers/MusicController.ts as cce:/internal/x/cc.
12:10:24 debug: Resolve ../services/GameService from file:///C:/Users/eulao/OneDrive/Desktop/COCOSSLOT/cocos_slot/slot/slot/assets/scripts/controllers/GameController.ts as file:///C:/Users/eulao/OneDrive/Desktop/COCOSSLOT/cocos_slot/slot/slot/assets/scripts/services/GameService.ts.
12:10:24 debug: Inspect file:///C:/Users/eulao/OneDrive/Desktop/COCOSSLOT/cocos_slot/slot/slot/assets/scripts/services/GameService.ts
12:10:25 debug: Resolve cce:/internal/code-quality/cr.mjs from file:///C:/Users/eulao/OneDrive/Desktop/COCOSSLOT/cocos_slot/slot/slot/assets/scripts/services/GameService.ts as cce:/internal/code-quality/cr.mjs.
12:10:25 debug: Resolve cc from file:///C:/Users/eulao/OneDrive/Desktop/COCOSSLOT/cocos_slot/slot/slot/assets/scripts/services/GameService.ts as cce:/internal/x/cc.
12:10:25 debug: Resolve cc from file:///C:/Users/eulao/OneDrive/Desktop/COCOSSLOT/cocos_slot/slot/slot/assets/scripts/services/GameService.ts as cce:/internal/x/cc.
12:10:25 debug: Resolve cc from file:///C:/Users/eulao/OneDrive/Desktop/COCOSSLOT/cocos_slot/slot/slot/assets/scripts/services/GameService.ts as cce:/internal/x/cc.
12:10:25 debug: Resolve ../../utils/SlotPicturesEnum from file:///C:/Users/eulao/OneDrive/Desktop/COCOSSLOT/cocos_slot/slot/slot/assets/scripts/services/GameService.ts as file:///C:/Users/eulao/OneDrive/Desktop/COCOSSLOT/cocos_slot/slot/slot/assets/utils/SlotPicturesEnum.ts.
12:10:25 debug: Inspect file:///C:/Users/eulao/OneDrive/Desktop/COCOSSLOT/cocos_slot/slot/slot/assets/utils/SlotPicturesEnum.ts
12:10:25 debug: Resolve cc from file:///C:/Users/eulao/OneDrive/Desktop/COCOSSLOT/cocos_slot/slot/slot/assets/utils/SlotPicturesEnum.ts as cce:/internal/x/cc.
12:10:25 debug: Resolve ../../utils/FunctionUtils from file:///C:/Users/eulao/OneDrive/Desktop/COCOSSLOT/cocos_slot/slot/slot/assets/scripts/controllers/GameController.ts as file:///C:/Users/eulao/OneDrive/Desktop/COCOSSLOT/cocos_slot/slot/slot/assets/utils/FunctionUtils.ts.
12:10:25 debug: Inspect file:///C:/Users/eulao/OneDrive/Desktop/COCOSSLOT/cocos_slot/slot/slot/assets/utils/FunctionUtils.ts
12:10:25 debug: Resolve cc from file:///C:/Users/eulao/OneDrive/Desktop/COCOSSLOT/cocos_slot/slot/slot/assets/utils/FunctionUtils.ts as cce:/internal/x/cc.
12:10:25 debug: Resolve file:///C:/Users/eulao/OneDrive/Desktop/COCOSSLOT/cocos_slot/slot/slot/assets/scripts/controllers/MusicController.ts from cce:/internal/x/prerequisite-imports as file:///C:/Users/eulao/OneDrive/Desktop/COCOSSLOT/cocos_slot/slot/slot/assets/scripts/controllers/MusicController.ts.
12:10:25 debug: Resolve file:///C:/Users/eulao/OneDrive/Desktop/COCOSSLOT/cocos_slot/slot/slot/assets/scripts/controllers/ResultController.ts from cce:/internal/x/prerequisite-imports as file:///C:/Users/eulao/OneDrive/Desktop/COCOSSLOT/cocos_slot/slot/slot/assets/scripts/controllers/ResultController.ts.
12:10:25 debug: Inspect file:///C:/Users/eulao/OneDrive/Desktop/COCOSSLOT/cocos_slot/slot/slot/assets/scripts/controllers/ResultController.ts
12:10:25 debug: Resolve cc from file:///C:/Users/eulao/OneDrive/Desktop/COCOSSLOT/cocos_slot/slot/slot/assets/scripts/controllers/ResultController.ts as cce:/internal/x/cc.
12:10:25 debug: Resolve cc from file:///C:/Users/eulao/OneDrive/Desktop/COCOSSLOT/cocos_slot/slot/slot/assets/scripts/controllers/ResultController.ts as cce:/internal/x/cc.
12:10:25 debug: Resolve cc from file:///C:/Users/eulao/OneDrive/Desktop/COCOSSLOT/cocos_slot/slot/slot/assets/scripts/controllers/ResultController.ts as cce:/internal/x/cc.
12:10:25 debug: Resolve file:///C:/Users/eulao/OneDrive/Desktop/COCOSSLOT/cocos_slot/slot/slot/assets/scripts/services/GameService.ts from cce:/internal/x/prerequisite-imports as file:///C:/Users/eulao/OneDrive/Desktop/COCOSSLOT/cocos_slot/slot/slot/assets/scripts/services/GameService.ts.
12:10:25 debug: Resolve file:///C:/Users/eulao/OneDrive/Desktop/COCOSSLOT/cocos_slot/slot/slot/assets/utils/FunctionUtils.ts from cce:/internal/x/prerequisite-imports as file:///C:/Users/eulao/OneDrive/Desktop/COCOSSLOT/cocos_slot/slot/slot/assets/utils/FunctionUtils.ts.
12:10:25 debug: Resolve file:///C:/Users/eulao/OneDrive/Desktop/COCOSSLOT/cocos_slot/slot/slot/assets/utils/SlotPicturesEnum.ts from cce:/internal/x/prerequisite-imports as file:///C:/Users/eulao/OneDrive/Desktop/COCOSSLOT/cocos_slot/slot/slot/assets/utils/SlotPicturesEnum.ts.
12:10:25 debug: Target(preview) ends with cost 654.4166999999434ms.
12:10:26 debug: Pulling asset-db.
12:10:28 debug: Fetch asset-db cost: 1459.120399999898ms.
12:10:28 debug: Build iteration starts.
Number of accumulated asset changes: 10
Feature changed: false
12:10:28 debug: Target(editor) build started.
12:10:28 debug: Detected change: cce:/internal/x/prerequisite-imports. Last mtime: Thu Jan 01 1970 08:00:28 GMT+0800 (GMT+08:00), Current mtime: Thu Jan 01 1970 08:00:33 GMT+0800 (GMT+08:00)
12:10:28 debug: Inspect cce:/internal/x/prerequisite-imports
12:10:28 debug: Resolve file:///C:/ProgramData/cocos/editors/Creator/3.8.4/resources/resources/3d/engine/editor/assets/default_renderpipeline/builtin-pipeline-settings.ts from cce:/internal/x/prerequisite-imports as file:///C:/ProgramData/cocos/editors/Creator/3.8.4/resources/resources/3d/engine/editor/assets/default_renderpipeline/builtin-pipeline-settings.ts.
12:10:28 debug: Resolve file:///C:/ProgramData/cocos/editors/Creator/3.8.4/resources/resources/3d/engine/editor/assets/default_renderpipeline/builtin-pipeline-types.ts from cce:/internal/x/prerequisite-imports as file:///C:/ProgramData/cocos/editors/Creator/3.8.4/resources/resources/3d/engine/editor/assets/default_renderpipeline/builtin-pipeline-types.ts.
12:10:28 debug: Resolve file:///C:/ProgramData/cocos/editors/Creator/3.8.4/resources/resources/3d/engine/editor/assets/default_renderpipeline/builtin-pipeline.ts from cce:/internal/x/prerequisite-imports as file:///C:/ProgramData/cocos/editors/Creator/3.8.4/resources/resources/3d/engine/editor/assets/default_renderpipeline/builtin-pipeline.ts.
12:10:28 debug: Resolve file:///C:/ProgramData/cocos/editors/Creator/3.8.4/resources/resources/3d/engine/editor/assets/tools/debug-view-runtime-control.ts from cce:/internal/x/prerequisite-imports as file:///C:/ProgramData/cocos/editors/Creator/3.8.4/resources/resources/3d/engine/editor/assets/tools/debug-view-runtime-control.ts.
12:10:28 debug: Resolve file:///C:/Users/eulao/OneDrive/Desktop/COCOSSLOT/cocos_slot/slot/slot/assets/scripts/controllers/GameController.ts from cce:/internal/x/prerequisite-imports as file:///C:/Users/eulao/OneDrive/Desktop/COCOSSLOT/cocos_slot/slot/slot/assets/scripts/controllers/GameController.ts.
12:10:28 debug: Resolve file:///C:/Users/eulao/OneDrive/Desktop/COCOSSLOT/cocos_slot/slot/slot/assets/scripts/controllers/MusicController.ts from cce:/internal/x/prerequisite-imports as file:///C:/Users/eulao/OneDrive/Desktop/COCOSSLOT/cocos_slot/slot/slot/assets/scripts/controllers/MusicController.ts.
12:10:28 debug: Resolve file:///C:/Users/eulao/OneDrive/Desktop/COCOSSLOT/cocos_slot/slot/slot/assets/scripts/controllers/ResultController.ts from cce:/internal/x/prerequisite-imports as file:///C:/Users/eulao/OneDrive/Desktop/COCOSSLOT/cocos_slot/slot/slot/assets/scripts/controllers/ResultController.ts.
12:10:28 debug: Resolve file:///C:/Users/eulao/OneDrive/Desktop/COCOSSLOT/cocos_slot/slot/slot/assets/scripts/services/GameService.ts from cce:/internal/x/prerequisite-imports as file:///C:/Users/eulao/OneDrive/Desktop/COCOSSLOT/cocos_slot/slot/slot/assets/scripts/services/GameService.ts.
12:10:28 debug: Resolve file:///C:/Users/eulao/OneDrive/Desktop/COCOSSLOT/cocos_slot/slot/slot/assets/utils/FunctionUtils.ts from cce:/internal/x/prerequisite-imports as file:///C:/Users/eulao/OneDrive/Desktop/COCOSSLOT/cocos_slot/slot/slot/assets/utils/FunctionUtils.ts.
12:10:28 debug: Resolve file:///C:/Users/eulao/OneDrive/Desktop/COCOSSLOT/cocos_slot/slot/slot/assets/utils/SlotPicturesEnum.ts from cce:/internal/x/prerequisite-imports as file:///C:/Users/eulao/OneDrive/Desktop/COCOSSLOT/cocos_slot/slot/slot/assets/utils/SlotPicturesEnum.ts.
12:10:29 debug: Target(editor) ends with cost 868.9938000002876ms.
12:10:29 debug: Target(preview) build started.
12:10:29 debug: Detected change: cce:/internal/x/prerequisite-imports. Last mtime: Thu Jan 01 1970 08:00:29 GMT+0800 (GMT+08:00), Current mtime: Thu Jan 01 1970 08:00:33 GMT+0800 (GMT+08:00)
12:10:29 debug: Inspect cce:/internal/x/prerequisite-imports
12:10:29 debug: Resolve file:///C:/ProgramData/cocos/editors/Creator/3.8.4/resources/resources/3d/engine/editor/assets/default_renderpipeline/builtin-pipeline-settings.ts from cce:/internal/x/prerequisite-imports as file:///C:/ProgramData/cocos/editors/Creator/3.8.4/resources/resources/3d/engine/editor/assets/default_renderpipeline/builtin-pipeline-settings.ts.
12:10:29 debug: Resolve file:///C:/ProgramData/cocos/editors/Creator/3.8.4/resources/resources/3d/engine/editor/assets/default_renderpipeline/builtin-pipeline-types.ts from cce:/internal/x/prerequisite-imports as file:///C:/ProgramData/cocos/editors/Creator/3.8.4/resources/resources/3d/engine/editor/assets/default_renderpipeline/builtin-pipeline-types.ts.
12:10:29 debug: Resolve file:///C:/ProgramData/cocos/editors/Creator/3.8.4/resources/resources/3d/engine/editor/assets/default_renderpipeline/builtin-pipeline.ts from cce:/internal/x/prerequisite-imports as file:///C:/ProgramData/cocos/editors/Creator/3.8.4/resources/resources/3d/engine/editor/assets/default_renderpipeline/builtin-pipeline.ts.
12:10:29 debug: Resolve file:///C:/ProgramData/cocos/editors/Creator/3.8.4/resources/resources/3d/engine/editor/assets/tools/debug-view-runtime-control.ts from cce:/internal/x/prerequisite-imports as file:///C:/ProgramData/cocos/editors/Creator/3.8.4/resources/resources/3d/engine/editor/assets/tools/debug-view-runtime-control.ts.
12:10:29 debug: Resolve file:///C:/Users/eulao/OneDrive/Desktop/COCOSSLOT/cocos_slot/slot/slot/assets/scripts/controllers/GameController.ts from cce:/internal/x/prerequisite-imports as file:///C:/Users/eulao/OneDrive/Desktop/COCOSSLOT/cocos_slot/slot/slot/assets/scripts/controllers/GameController.ts.
12:10:29 debug: Resolve file:///C:/Users/eulao/OneDrive/Desktop/COCOSSLOT/cocos_slot/slot/slot/assets/scripts/controllers/MusicController.ts from cce:/internal/x/prerequisite-imports as file:///C:/Users/eulao/OneDrive/Desktop/COCOSSLOT/cocos_slot/slot/slot/assets/scripts/controllers/MusicController.ts.
12:10:29 debug: Resolve file:///C:/Users/eulao/OneDrive/Desktop/COCOSSLOT/cocos_slot/slot/slot/assets/scripts/controllers/ResultController.ts from cce:/internal/x/prerequisite-imports as file:///C:/Users/eulao/OneDrive/Desktop/COCOSSLOT/cocos_slot/slot/slot/assets/scripts/controllers/ResultController.ts.
12:10:29 debug: Resolve file:///C:/Users/eulao/OneDrive/Desktop/COCOSSLOT/cocos_slot/slot/slot/assets/scripts/services/GameService.ts from cce:/internal/x/prerequisite-imports as file:///C:/Users/eulao/OneDrive/Desktop/COCOSSLOT/cocos_slot/slot/slot/assets/scripts/services/GameService.ts.
12:10:29 debug: Resolve file:///C:/Users/eulao/OneDrive/Desktop/COCOSSLOT/cocos_slot/slot/slot/assets/utils/FunctionUtils.ts from cce:/internal/x/prerequisite-imports as file:///C:/Users/eulao/OneDrive/Desktop/COCOSSLOT/cocos_slot/slot/slot/assets/utils/FunctionUtils.ts.
12:10:29 debug: Resolve file:///C:/Users/eulao/OneDrive/Desktop/COCOSSLOT/cocos_slot/slot/slot/assets/utils/SlotPicturesEnum.ts from cce:/internal/x/prerequisite-imports as file:///C:/Users/eulao/OneDrive/Desktop/COCOSSLOT/cocos_slot/slot/slot/assets/utils/SlotPicturesEnum.ts.
12:10:29 debug: Target(preview) ends with cost 518.4958000001498ms.
