2024-12-18 12:43:54 - debug: =================================== build Task (web-desktop) Start ================================
2024-12-18 12:43:54 - debug: Start build task, options:{"name":"slot","server":"","platform":"web-desktop","buildPath":"project://build","debug":false,"md5Cache":false,"skipCompressTexture":false,"sourceMaps":false,"overwriteProjectSettings":{"includeModules":{"gfx-webgl2":"on","physics":"inherit-project-setting","physics-2d":"inherit-project-setting"},"macroConfig":{"cleanupImageCache":"inherit-project-setting"}},"nativeCodeBundleMode":"both","polyfills":{"asyncFunctions":true},"experimentalEraseModules":false,"startSceneAssetBundle":false,"bundleConfigs":[],"useBuiltinServer":false,"md5CacheOptions":{"excludes":[],"includes":[],"replaceOnly":[],"handleTemplateMd5Link":true},"mainBundleIsRemote":false,"mainBundleCompressionType":"merge_dep","useSplashScreen":true,"bundleCommonChunk":false,"packAutoAtlas":true,"startScene":"f418e10c-b05b-4c36-a9ae-50d5675301bb","outputName":"web-desktop","taskName":"web-desktop","scenes":[{"url":"db://assets/scenes/game.scene","uuid":"f418e10c-b05b-4c36-a9ae-50d5675301bb"}],"wasmCompressionMode":false,"packages":{"web-desktop":{"useWebGPU":false,"resolution":{"designWidth":1280,"designHeight":960},"__version__":"1.0.1"},"adsense-h5g-plugin":{"enableAdsense":false,"enableTestAd":false,"__version__":"1.0.1","AFPHostPropertyCode":"ca-host-pub-5396158963872751","AFPHostDomain":"douyougame.com","otherAFPHostPropertyCode":"","otherAFPDomain":""},"cocos-service":{"configID":"167abd","services":[],"__version__":"3.0.7"}},"__version__":"1.3.8","buildMode":"normal","logDest":"project://temp/builder/log/web-desktop2024-12-18 12-43.log"}
2024-12-18 12:43:54 - debug: Build with Cocos Creator 3.8.4
2024-12-18 12:43:54 - debug: cocos-service:(onBeforeBuild) start..., progress: 0%
2024-12-18 12:43:54 - debug: // ---- build task cocos-service：onBeforeBuild ----
2024-12-18 12:43:55 - debug: // ---- build task cocos-service：onBeforeBuild ---- (160ms)
2024-12-18 12:43:55 - debug: cocos-service:(onBeforeBuild) in 160 ms ✓, progress: 2%
2024-12-18 12:43:55 - debug: scene:(onBeforeBuild) start..., progress: 2%
2024-12-18 12:43:55 - debug: // ---- build task scene：onBeforeBuild ----
2024-12-18 12:43:55 - debug: // ---- build task scene：onBeforeBuild ---- (24ms)
2024-12-18 12:43:55 - debug: scene:(onBeforeBuild) in 24 ms ✓, progress: 4%
2024-12-18 12:43:55 - debug: Start lock asset db..., progress: 4%
2024-12-18 12:43:55 - log: Asset DB is paused with build!
2024-12-18 12:43:55 - debug: Query all assets info in project
2024-12-18 12:43:55 - debug: init custom config: keepNodeUuid: false, useCache: true
2024-12-18 12:43:55 - debug: web-desktop:(onAfterInit) start..., progress: 4%
2024-12-18 12:43:55 - debug: // ---- build task web-desktop：onAfterInit ----
2024-12-18 12:43:55 - debug: // ---- build task web-desktop：onAfterInit ---- (8ms)
2024-12-18 12:43:55 - debug: web-desktop:(onAfterInit) in 8 ms ✓, progress: 5%
2024-12-18 12:43:55 - debug: cocos-service:(onAfterInit) start..., progress: 5%
2024-12-18 12:43:55 - debug: // ---- build task cocos-service：onAfterInit ----
2024-12-18 12:43:55 - debug: // ---- build task cocos-service：onAfterInit ---- (103ms)
2024-12-18 12:43:55 - debug: cocos-service:(onAfterInit) in 103 ms ✓, progress: 7%
2024-12-18 12:43:55 - debug: engine:(onAfterInit) start..., progress: 7%
2024-12-18 12:43:55 - debug: // ---- build task engine：onAfterInit ----
2024-12-18 12:43:55 - debug: // ---- build task engine：onAfterInit ---- (31ms)
2024-12-18 12:43:55 - debug: engine:(onAfterInit) in 31 ms ✓, progress: 9%
2024-12-18 12:43:55 - debug: adsense-h5g-plugin:(onBeforeBundleInit) start..., progress: 9%
2024-12-18 12:43:55 - debug: // ---- build task adsense-h5g-plugin：onBeforeBundleInit ----
2024-12-18 12:43:55 - debug: [adsense-h5g-plugin] remove script success
2024-12-18 12:43:55 - debug: // ---- build task adsense-h5g-plugin：onBeforeBundleInit ---- (17ms)
2024-12-18 12:43:55 - debug: adsense-h5g-plugin:(onBeforeBundleInit) in 17 ms ✓, progress: 9%
2024-12-18 12:43:55 - debug: Init all bundles start..., progress: 9%
2024-12-18 12:43:55 - debug: Num of bundles: 3..., progress: 9%
2024-12-18 12:43:55 - debug: web-desktop:(onAfterBundleInit) start..., progress: 9%
2024-12-18 12:43:55 - debug: // ---- build task web-desktop：onAfterBundleInit ----
2024-12-18 12:43:55 - debug: // ---- build task web-desktop：onAfterBundleInit ---- (25ms)
2024-12-18 12:43:55 - debug: web-desktop:(onAfterBundleInit) in 25 ms ✓, progress: 9%
2024-12-18 12:43:55 - debug: 查询 Asset Bundle start, progress: 9%
2024-12-18 12:43:55 - debug: // ---- build task 查询 Asset Bundle ----
2024-12-18 12:43:55 - debug: Init bundle root assets start..., progress: 9%
2024-12-18 12:43:55 - debug: Query preload assets/scripts from cc.config.json: 60f7195c-ec2a-45eb-ba94-8955f60e81d0,1c02ae6f-4492-4915-b8f8-7492a3b1e4cd,810e96e4-e456-4468-9b59-f4e8f39732c0,efe8e2a3-eace-427b-b4f1-cb8a937ec77d,e9aa9a3e-5b2b-4ac7-a2c7-073de2b2b24f,8bbdbcdd-5cd4-4100-b6d5-b7c9625b6107,50f4348b-c883-4e2f-8f11-ce233b859fa1,fda095cb-831d-4601-ad94-846013963de8,f92806d7-1768-443f-afe8-12bcde84d0f0,dd3a144d-ab7f-41f0-82b8-2e43a090d496,f0416e68-0200-4b77-a926-4f9d16e494da,970b0598-bcb0-4714-91fb-2e81440dccd8,bcd64cc6-2dd9-43f6-abbe-66318d332032,d930590d-bb92-4cc8-8bd1-23cd027f9edf,a3cd009f-0ab0-420d-9278-b9fdab939bbc,6a2d0734-bd9e-4ddf-946e-caa52498cb75,c27215d8-6835-4b68-bfbb-bdeac6100c04,b5d6115f-0370-4d7c-aad3-c194cc71cf98,871c3b6c-7379-419d-bda3-794b239ab90d,ff9b0199-ce04-4cfe-86cc-6c719f08d6e4,de1c2107-70c8-4021-8459-6399f24d01c6,cbf30902-517f-40dc-af90-a550bac27cf1
2024-12-18 12:43:55 - debug:   Number of all scenes: 1
2024-12-18 12:43:55 - debug:   Number of all scripts: 10
2024-12-18 12:43:55 - debug:   Number of other assets: 350
2024-12-18 12:43:55 - debug: Init bundle root assets success..., progress: 9%
2024-12-18 12:43:55 - debug: reload all scripts.
2024-12-18 12:43:55 - debug: Set detail map pack:///resolution-detail-map.json: {}
2024-12-18 12:43:55 - groupCollapsed: Invalidate all modules
2024-12-18 12:43:55 - debug: C:\Cocos\slot\temp\programming\packer-driver\targets\editor\chunks\93\93ba276ea7b26ffcdc433fab14afc1ed6f05647b.js resolved to C:\Cocos\slot\temp\programming\packer-driver\targets\editor\chunks\93\93ba276ea7b26ffcdc433fab14afc1ed6f05647b.js is not in module cache!
2024-12-18 12:43:55 - debug: [[Executor]] Module "cce:/internal/x/cc-fu/base" loaded.
2024-12-18 12:43:55 - debug: [[Executor]] Module "cce:/internal/x/cc-fu/gfx-webgl" loaded.
2024-12-18 12:43:55 - debug: [[Executor]] Module "cce:/internal/x/cc-fu/gfx-webgl2" loaded.
2024-12-18 12:43:55 - debug: [[Executor]] Module "cce:/internal/x/cc-fu/gfx-empty" loaded.
2024-12-18 12:43:55 - debug: [[Executor]] Module "cce:/internal/x/cc-fu/gfx-webgpu" loaded.
2024-12-18 12:43:55 - debug: [[Executor]] Module "cce:/internal/x/cc-fu/3d" loaded.
2024-12-18 12:43:55 - debug: [[Executor]] Module "cce:/internal/x/cc-fu/animation" loaded.
2024-12-18 12:43:55 - debug: [[Executor]] Module "cce:/internal/x/cc-fu/skeletal-animation" loaded.
2024-12-18 12:43:55 - debug: [[Executor]] Module "cce:/internal/x/cc-fu/2d" loaded.
2024-12-18 12:43:55 - debug: [[Executor]] Module "cce:/internal/x/cc-fu/sorting" loaded.
2024-12-18 12:43:55 - debug: [[Executor]] Module "cce:/internal/x/cc-fu/ui" loaded.
2024-12-18 12:43:55 - debug: [[Executor]] Module "cce:/internal/x/cc-fu/particle" loaded.
2024-12-18 12:43:55 - debug: [[Executor]] Module "cce:/internal/x/cc-fu/particle-2d" loaded.
2024-12-18 12:43:55 - debug: [[Executor]] Module "cce:/internal/x/cc-fu/physics-framework" loaded.
2024-12-18 12:43:55 - debug: [[Executor]] Module "cce:/internal/x/cc-fu/physics-2d-framework" loaded.
2024-12-18 12:43:55 - debug: [[Executor]] Module "cce:/internal/x/cc-fu/physics-2d-box2d-wasm" loaded.
2024-12-18 12:43:55 - debug: [[Executor]] Module "cce:/internal/x/cc-fu/intersection-2d" loaded.
2024-12-18 12:43:55 - debug: [[Executor]] Module "cce:/internal/x/cc-fu/primitive" loaded.
2024-12-18 12:43:55 - debug: [[Executor]] Module "cce:/internal/x/cc-fu/profiler" loaded.
2024-12-18 12:43:55 - debug: [[Executor]] Module "cce:/internal/x/cc-fu/geometry-renderer" loaded.
2024-12-18 12:43:55 - debug: [[Executor]] Module "cce:/internal/x/cc-fu/audio" loaded.
2024-12-18 12:43:55 - debug: [[Executor]] Module "cce:/internal/x/cc-fu/video" loaded.
2024-12-18 12:43:55 - debug: [[Executor]] Module "cce:/internal/x/cc-fu/xr" loaded.
2024-12-18 12:43:55 - debug: [[Executor]] Module "cce:/internal/x/cc-fu/light-probe" loaded.
2024-12-18 12:43:55 - debug: [[Executor]] Module "cce:/internal/x/cc-fu/terrain" loaded.
2024-12-18 12:43:55 - debug: [[Executor]] Module "cce:/internal/x/cc-fu/webview" loaded.
2024-12-18 12:43:55 - debug: [[Executor]] Module "cce:/internal/x/cc-fu/tween" loaded.
2024-12-18 12:43:55 - debug: [[Executor]] Module "cce:/internal/x/cc-fu/tiled-map" loaded.
2024-12-18 12:43:55 - debug: [[Executor]] Module "cce:/internal/x/cc-fu/spine" loaded.
2024-12-18 12:43:55 - debug: [[Executor]] Module "cce:/internal/x/cc-fu/dragon-bones" loaded.
2024-12-18 12:43:55 - debug: [[Executor]] Module "cce:/internal/x/cc-fu/custom-pipeline" loaded.
2024-12-18 12:43:55 - debug: [[Executor]] Module "cce:/internal/x/cc-fu/custom-pipeline-post-process" loaded.
2024-12-18 12:43:55 - debug: [[Executor]] Module "cce:/internal/x/cc-fu/legacy-pipeline" loaded.
2024-12-18 12:43:55 - debug: [[Executor]] Module "cce:/internal/x/cc-fu/base" loaded.
2024-12-18 12:43:55 - debug: [[Executor]] Module "cce:/internal/x/cc-fu/gfx-webgl" loaded.
2024-12-18 12:43:55 - debug: [[Executor]] Module "cce:/internal/x/cc-fu/gfx-webgl2" loaded.
2024-12-18 12:43:55 - debug: [[Executor]] Module "cce:/internal/x/cc-fu/gfx-empty" loaded.
2024-12-18 12:43:55 - debug: [[Executor]] Module "cce:/internal/x/cc-fu/gfx-webgpu" loaded.
2024-12-18 12:43:55 - debug: [[Executor]] Module "cce:/internal/x/cc-fu/3d" loaded.
2024-12-18 12:43:55 - debug: [[Executor]] Module "cce:/internal/x/cc-fu/animation" loaded.
2024-12-18 12:43:55 - debug: [[Executor]] Module "cce:/internal/x/cc-fu/skeletal-animation" loaded.
2024-12-18 12:43:55 - debug: [[Executor]] Module "cce:/internal/x/cc-fu/2d" loaded.
2024-12-18 12:43:55 - debug: [[Executor]] Module "cce:/internal/x/cc-fu/sorting" loaded.
2024-12-18 12:43:55 - debug: [[Executor]] Module "cce:/internal/x/cc-fu/ui" loaded.
2024-12-18 12:43:55 - debug: [[Executor]] Module "cce:/internal/x/cc-fu/particle" loaded.
2024-12-18 12:43:55 - debug: [[Executor]] Module "cce:/internal/x/cc-fu/particle-2d" loaded.
2024-12-18 12:43:55 - debug: [[Executor]] Module "cce:/internal/x/cc-fu/physics-framework" loaded.
2024-12-18 12:43:55 - debug: [[Executor]] Module "cce:/internal/x/cc-fu/physics-2d-framework" loaded.
2024-12-18 12:43:55 - debug: [[Executor]] Module "cce:/internal/x/cc-fu/physics-2d-box2d-wasm" loaded.
2024-12-18 12:43:55 - debug: [[Executor]] Module "cce:/internal/x/cc-fu/intersection-2d" loaded.
2024-12-18 12:43:55 - debug: [[Executor]] Module "cce:/internal/x/cc-fu/primitive" loaded.
2024-12-18 12:43:55 - debug: [[Executor]] Module "cce:/internal/x/cc-fu/profiler" loaded.
2024-12-18 12:43:55 - debug: [[Executor]] Module "cce:/internal/x/cc-fu/geometry-renderer" loaded.
2024-12-18 12:43:55 - debug: [[Executor]] Module "cce:/internal/x/cc-fu/audio" loaded.
2024-12-18 12:43:55 - debug: [[Executor]] Module "cce:/internal/x/cc-fu/video" loaded.
2024-12-18 12:43:55 - debug: [[Executor]] Module "cce:/internal/x/cc-fu/xr" loaded.
2024-12-18 12:43:55 - debug: [[Executor]] Module "cce:/internal/x/cc-fu/light-probe" loaded.
2024-12-18 12:43:55 - debug: [[Executor]] Module "cce:/internal/x/cc-fu/terrain" loaded.
2024-12-18 12:43:55 - debug: [[Executor]] Module "cce:/internal/x/cc-fu/webview" loaded.
2024-12-18 12:43:55 - debug: [[Executor]] Module "cce:/internal/x/cc-fu/tween" loaded.
2024-12-18 12:43:55 - debug: [[Executor]] Module "cce:/internal/x/cc-fu/tiled-map" loaded.
2024-12-18 12:43:55 - debug: [[Executor]] Module "cce:/internal/x/cc-fu/spine" loaded.
2024-12-18 12:43:55 - debug: [[Executor]] Module "cce:/internal/x/cc-fu/dragon-bones" loaded.
2024-12-18 12:43:55 - debug: [[Executor]] Module "cce:/internal/x/cc-fu/custom-pipeline" loaded.
2024-12-18 12:43:55 - debug: [[Executor]] Module "cce:/internal/x/cc-fu/custom-pipeline-post-process" loaded.
2024-12-18 12:43:55 - debug: [[Executor]] Module "cce:/internal/x/cc-fu/legacy-pipeline" loaded.
2024-12-18 12:43:55 - debug: [[Executor]] Module "pack:///chunks/93/93ba276ea7b26ffcdc433fab14afc1ed6f05647b.js" loaded.
2024-12-18 12:43:55 - debug: Invalidating 'pack:///chunks/93/93ba276ea7b26ffcdc433fab14afc1ed6f05647b.js'
2024-12-18 12:43:55 - groupEnd: Invalidate all modules
2024-12-18 12:43:55 - groupCollapsed: Imports all modules
2024-12-18 12:43:55 - debug: [[Executor]] Module "pack:///chunks/93/93ba276ea7b26ffcdc433fab14afc1ed6f05647b.js" loaded.
2024-12-18 12:43:55 - debug: C:\Cocos\slot\temp\programming\packer-driver\targets\editor\chunks\6d\6d8fd2b0177941b032ddc0733af48a561fb60657.js resolved to C:\Cocos\slot\temp\programming\packer-driver\targets\editor\chunks\6d\6d8fd2b0177941b032ddc0733af48a561fb60657.js is not in module cache!
2024-12-18 12:43:55 - debug: [[Executor]] Module "pack:///chunks/6d/6d8fd2b0177941b032ddc0733af48a561fb60657.js" loaded.
2024-12-18 12:43:55 - debug: C:\Cocos\slot\temp\programming\packer-driver\targets\editor\chunks\cf\cf4d118ab17c93dcab0460ac24c51c5169b734da.js resolved to C:\Cocos\slot\temp\programming\packer-driver\targets\editor\chunks\cf\cf4d118ab17c93dcab0460ac24c51c5169b734da.js is not in module cache!
2024-12-18 12:43:55 - debug: C:\Cocos\slot\temp\programming\packer-driver\targets\editor\chunks\6a\6a5019a719a9014c047e67aa1cf34453ab8392ce.js resolved to C:\Cocos\slot\temp\programming\packer-driver\targets\editor\chunks\6a\6a5019a719a9014c047e67aa1cf34453ab8392ce.js is not in module cache!
2024-12-18 12:43:55 - debug: C:\Cocos\slot\temp\programming\packer-driver\targets\editor\chunks\ef\ef8b7fc0216763532135b4bd5fa3fcfad83ace18.js resolved to C:\Cocos\slot\temp\programming\packer-driver\targets\editor\chunks\ef\ef8b7fc0216763532135b4bd5fa3fcfad83ace18.js is not in module cache!
2024-12-18 12:43:55 - debug: C:\Cocos\slot\temp\programming\packer-driver\targets\editor\chunks\20\205daa0e5ebd1808258605f603ade351db7b3c96.js resolved to C:\Cocos\slot\temp\programming\packer-driver\targets\editor\chunks\20\205daa0e5ebd1808258605f603ade351db7b3c96.js is not in module cache!
2024-12-18 12:43:55 - debug: C:\Cocos\slot\temp\programming\packer-driver\targets\editor\chunks\64\6442b4278b3c06ff9b1e003b06429b84174ac7d2.js resolved to C:\Cocos\slot\temp\programming\packer-driver\targets\editor\chunks\64\6442b4278b3c06ff9b1e003b06429b84174ac7d2.js is not in module cache!
2024-12-18 12:43:55 - debug: C:\Cocos\slot\temp\programming\packer-driver\targets\editor\chunks\a4\a4483707c9c1c1a4dde6cf7e18e999fcdc372f63.js resolved to C:\Cocos\slot\temp\programming\packer-driver\targets\editor\chunks\a4\a4483707c9c1c1a4dde6cf7e18e999fcdc372f63.js is not in module cache!
2024-12-18 12:43:55 - debug: [[Executor]] Module "pack:///chunks/6a/6a5019a719a9014c047e67aa1cf34453ab8392ce.js" loaded.
2024-12-18 12:43:55 - debug: [[Executor]] Register MusicController
2024-12-18 12:43:55 - debug: [[Executor]] Module "pack:///chunks/64/6442b4278b3c06ff9b1e003b06429b84174ac7d2.js" loaded.
2024-12-18 12:43:55 - debug: [[Executor]] Module "pack:///chunks/a4/a4483707c9c1c1a4dde6cf7e18e999fcdc372f63.js" loaded.
2024-12-18 12:43:55 - debug: [[Executor]] Module "pack:///chunks/20/205daa0e5ebd1808258605f603ade351db7b3c96.js" loaded.
2024-12-18 12:43:55 - debug: [[Executor]] Module "pack:///chunks/ef/ef8b7fc0216763532135b4bd5fa3fcfad83ace18.js" loaded.
2024-12-18 12:43:55 - debug: [[Executor]] Register GameController
2024-12-18 12:43:55 - debug: [[Executor]] Module "pack:///chunks/cf/cf4d118ab17c93dcab0460ac24c51c5169b734da.js" loaded.
2024-12-18 12:43:55 - debug: C:\Cocos\slot\temp\programming\packer-driver\targets\editor\chunks\3e\3eb04f4c26f429883150bd04565fe38e13bf14c1.js resolved to C:\Cocos\slot\temp\programming\packer-driver\targets\editor\chunks\3e\3eb04f4c26f429883150bd04565fe38e13bf14c1.js is not in module cache!
2024-12-18 12:43:55 - debug: [[Executor]] Register ResultController
2024-12-18 12:43:55 - debug: [[Executor]] Module "pack:///chunks/3e/3eb04f4c26f429883150bd04565fe38e13bf14c1.js" loaded.
2024-12-18 12:43:55 - debug: C:\Cocos\slot\temp\programming\packer-driver\targets\editor\chunks\d6\d6137fe08bf966a053351bb405928e5a6390befd.js resolved to C:\Cocos\slot\temp\programming\packer-driver\targets\editor\chunks\d6\d6137fe08bf966a053351bb405928e5a6390befd.js is not in module cache!
2024-12-18 12:43:55 - debug: C:\Cocos\slot\temp\programming\packer-driver\targets\editor\chunks\b3\b349769b96cc4c1dff92d5d6f941366e27a02c6b.js resolved to C:\Cocos\slot\temp\programming\packer-driver\targets\editor\chunks\b3\b349769b96cc4c1dff92d5d6f941366e27a02c6b.js is not in module cache!
2024-12-18 12:43:55 - debug: [[Executor]] Module "cce:/internal/x/engine-export-to-editor/cc/editor/populate-internal-constants" loaded.
2024-12-18 12:43:55 - debug: [[Executor]] Module "pack:///chunks/b3/b349769b96cc4c1dff92d5d6f941366e27a02c6b.js" loaded.
2024-12-18 12:43:55 - debug: [[Executor]] Module "cce:/internal/x/engine-export-to-editor/cc/editor/populate-internal-constants" loaded.
2024-12-18 12:43:55 - debug: [[Executor]] Register BuiltinPipelineSettings
2024-12-18 12:43:55 - debug: [[Executor]] Module "pack:///chunks/d6/d6137fe08bf966a053351bb405928e5a6390befd.js" loaded.
2024-12-18 12:43:55 - debug: C:\Cocos\slot\temp\programming\packer-driver\targets\editor\chunks\59\59b7958b47eec6168615a6469581f8f48e26cb00.js resolved to C:\Cocos\slot\temp\programming\packer-driver\targets\editor\chunks\59\59b7958b47eec6168615a6469581f8f48e26cb00.js is not in module cache!
2024-12-18 12:43:55 - debug: [[Executor]] Module "pack:///chunks/59/59b7958b47eec6168615a6469581f8f48e26cb00.js" loaded.
2024-12-18 12:43:55 - debug: C:\Cocos\slot\temp\programming\packer-driver\targets\editor\chunks\97\9758c8bdbb4fd247ebce274d105abb8265561b82.js resolved to C:\Cocos\slot\temp\programming\packer-driver\targets\editor\chunks\97\9758c8bdbb4fd247ebce274d105abb8265561b82.js is not in module cache!
2024-12-18 12:43:55 - debug: [[Executor]] Register DebugViewRuntimeControl
2024-12-18 12:43:55 - debug: [[Executor]] Module "pack:///chunks/97/9758c8bdbb4fd247ebce274d105abb8265561b82.js" loaded.
2024-12-18 12:43:55 - debug: [[Executor]] Module "pack:///chunks/6d/6d8fd2b0177941b032ddc0733af48a561fb60657.js" loaded.
2024-12-18 12:43:55 - groupEnd: Imports all modules
2024-12-18 12:43:55 - debug: Incremental keys: 
2024-12-18 12:43:55 - debug: Init bundle share assets start..., progress: 9%
2024-12-18 12:43:55 - debug: Init bundle share assets success..., progress: 9%
2024-12-18 12:43:55 - debug: handle json group in bundle internal
2024-12-18 12:43:55 - debug: handle json group in bundle internal success
2024-12-18 12:43:55 - debug: handle json group in bundle resources
2024-12-18 12:43:55 - debug: handle json group in bundle main
2024-12-18 12:43:55 - debug: init image compress task 0 in bundle internal
2024-12-18 12:43:55 - debug: handle json group in bundle resources success
2024-12-18 12:43:55 - debug: init image compress task 0 in bundle resources
2024-12-18 12:43:55 - debug: handle json group in bundle main success
2024-12-18 12:43:55 - debug: init image compress task 0 in bundle main
2024-12-18 12:43:55 - debug: // ---- build task 查询 Asset Bundle ---- (106ms)
2024-12-18 12:43:55 - debug: run build task 查询 Asset Bundle success in 106 ms√, progress: 14%
2024-12-18 12:43:55 - debug: [Build Memory track]: 查询 Asset Bundle start:161.46MB, end 162.92MB, increase: 1.46MB
2024-12-18 12:43:55 - debug: 查询 Asset Bundle start, progress: 14%
2024-12-18 12:43:55 - debug: // ---- build task 查询 Asset Bundle ----
2024-12-18 12:43:55 - debug: // ---- build task 查询 Asset Bundle ---- (16ms)
2024-12-18 12:43:55 - debug: run build task 查询 Asset Bundle success in 16 ms√, progress: 19%
2024-12-18 12:43:55 - debug: [Build Memory track]: 查询 Asset Bundle start:162.96MB, end 163.10MB, increase: 150.31KB
2024-12-18 12:43:55 - debug: 打包脚本 start, progress: 19%
2024-12-18 12:43:55 - debug: // ---- build task 打包脚本 ----
2024-12-18 12:43:55 - log: Run build task(build-script) in child, see: chrome://inspect/#devices
2024-12-18 12:43:55 - log: [build-script]enter sub process 21252, C:\ProgramData\cocos\editors\Creator\3.8.4\CocosCreator.exe,C:\ProgramData\cocos\editors\Creator\3.8.4\resources\app.asar\builtin\builder\static\sub-process-index
2024-12-18 12:43:57 - debug: excute-script over with build-script 2482ms
2024-12-18 12:43:57 - debug: Generate systemJs..., progress: 19%
2024-12-18 12:43:57 - log: Run build task(build-script) in child, see: chrome://inspect/#devices
2024-12-18 12:43:59 - debug: excute-script over with build-script 1796ms
2024-12-18 12:43:59 - debug: 构建项目脚本 start..., progress: 19%
2024-12-18 12:43:59 - debug: Build script in bundle start, progress: 19%
2024-12-18 12:43:59 - log: Run build task(build-script) in child, see: chrome://inspect/#devices
2024-12-18 12:44:01 - debug: excute-script over with build-script 1793ms
2024-12-18 12:44:01 - debug: Copy externalScripts success!
2024-12-18 12:44:01 - debug: Build script in bundle success, progress: 19%
2024-12-18 12:44:01 - debug: 构建项目脚本 in (1849 ms) √, progress: 19%
2024-12-18 12:44:01 - debug: 构建引擎脚本 start..., progress: 19%
2024-12-18 12:44:01 - debug: Use cache engine: {link(C:\Users\eulao\AppData\Local\Temp\CocosCreator\3.8.4\builder\engine\eb7d0cd3e5af492055d3e19fa6d2581f)}
2024-12-18 12:44:01 - debug: {"debug":false,"sourceMaps":false,"includeModules":["2d","animation","audio","base","custom-pipeline","dragon-bones","gfx-webgl","gfx-webgl2","intersection-2d","particle-2d","physics-2d-box2d","profiler","spine","tiled-map","tween","ui","video","webview","custom-pipeline-builtin-scripts"],"engineVersion":"3.8.4","md5Map":[],"engineName":"cocos-js","platform":"HTML5","useCache":true,"nativeCodeBundleMode":"both","wasmCompressionMode":false,"assetURLFormat":"runtime-resolved","output":"C:\\Cocos\\slot\\build\\web-desktop\\cocos-js","flags":{"DEBUG":false,"WEBGPU":false},"entry":"C:\\ProgramData\\cocos\\editors\\Creator\\3.8.4\\resources\\resources\\3d\\engine"}
2024-12-18 12:44:01 - debug: 构建引擎脚本 in (151 ms) √, progress: 19%
2024-12-18 12:44:01 - debug: Copy plugin script ..., progress: 19%
2024-12-18 12:44:01 - debug: Generate import-map..., progress: 19%
2024-12-18 12:44:01 - debug: // ---- build task 打包脚本 ---- (6318ms)
2024-12-18 12:44:01 - debug: run build task 打包脚本 success in 6 s√, progress: 24%
2024-12-18 12:44:01 - debug: [Build Memory track]: 打包脚本 start:163.23MB, end 164.02MB, increase: 804.36KB
2024-12-18 12:44:01 - debug: Build Assets start, progress: 24%
2024-12-18 12:44:01 - debug: // ---- build task Build Assets ----
2024-12-18 12:44:01 - debug: Build bundles..., progress: 24%
2024-12-18 12:44:01 - debug: Pack Images start, progress: 24%
2024-12-18 12:44:01 - debug: builder:pack-auto-atlas-image (32ms)
2024-12-18 12:44:01 - debug: Pack Images success, progress: 24%
2024-12-18 12:44:01 - debug: Compress image start..., progress: 24%
2024-12-18 12:44:01 - group: Compress image...
2024-12-18 12:44:01 - debug: sort compress task {}
2024-12-18 12:44:01 - debug: Num of all image compress task 0, really: 0, configTasks: 0
2024-12-18 12:44:01 - debug: No image need to compress
2024-12-18 12:44:01 - groupEnd: Compress image...
2024-12-18 12:44:01 - debug: Compress image success..., progress: 24%
2024-12-18 12:44:01 - debug: Output asset in bundles start, progress: 24%
2024-12-18 12:44:01 - debug: Handle all json groups in bundle internal
2024-12-18 12:44:01 - debug: handle json group
2024-12-18 12:44:01 - debug: Handle all json groups in bundle resources
2024-12-18 12:44:01 - debug: handle json group
2024-12-18 12:44:01 - debug: Handle all json groups in bundle main
2024-12-18 12:44:01 - debug: handle json group
2024-12-18 12:44:01 - debug: Json group(042f62350) compile success，json number: 6
2024-12-18 12:44:01 - debug: Json group(08fc54842) compile success，json number: 6
2024-12-18 12:44:01 - debug: Json group(0d2cb1778) compile success，json number: 6
2024-12-18 12:44:01 - debug: handle single json
2024-12-18 12:44:01 - debug: Json group(0a55c2874) compile success，json number: 6
2024-12-18 12:44:01 - debug: Json group(015aee91a) compile success，json number: 6
2024-12-18 12:44:01 - debug: handle single json
2024-12-18 12:44:01 - debug: Json group(06585a170) compile success，json number: 6
2024-12-18 12:44:01 - debug: handle single json
2024-12-18 12:44:01 - debug: Output asset in bundles success, progress: 24%
2024-12-18 12:44:01 - debug: Output asset in bundles start, progress: 24%
2024-12-18 12:44:01 - debug: compress config of bundle internal...
2024-12-18 12:44:01 - debug: compress config of bundle internal success
2024-12-18 12:44:01 - debug: compress config of bundle resources...
2024-12-18 12:44:01 - debug: compress config of bundle resources success
2024-12-18 12:44:01 - debug: compress config of bundle main...
2024-12-18 12:44:01 - debug: compress config of bundle main success
2024-12-18 12:44:01 - debug: output config of bundle internal
2024-12-18 12:44:01 - debug: output config of bundle internal success
2024-12-18 12:44:01 - debug: output config of bundle resources
2024-12-18 12:44:01 - debug: output config of bundle resources success
2024-12-18 12:44:01 - debug: output config of bundle main
2024-12-18 12:44:01 - debug: output config of bundle main success
2024-12-18 12:44:01 - debug: Output asset in bundles success, progress: 24%
2024-12-18 12:44:01 - debug: // ---- build task Build Assets ---- (134ms)
2024-12-18 12:44:01 - debug: run build task Build Assets success in 134 ms√, progress: 29%
2024-12-18 12:44:01 - debug: [Build Memory track]: Build Assets start:164.05MB, end 164.58MB, increase: 536.37KB
2024-12-18 12:44:01 - debug: 整理部分构建选项内数据到 settings.json start, progress: 29%
2024-12-18 12:44:01 - debug: // ---- build task 整理部分构建选项内数据到 settings.json ----
2024-12-18 12:44:01 - debug: // ---- build task 整理部分构建选项内数据到 settings.json ---- (22ms)
2024-12-18 12:44:01 - debug: run build task 整理部分构建选项内数据到 settings.json success in 22 ms√, progress: 31%
2024-12-18 12:44:01 - debug: [Build Memory track]: 整理部分构建选项内数据到 settings.json start:164.67MB, end 164.79MB, increase: 119.96KB
2024-12-18 12:44:01 - debug: 填充脚本数据到 settings.json start, progress: 31%
2024-12-18 12:44:01 - debug: // ---- build task 填充脚本数据到 settings.json ----
2024-12-18 12:44:01 - debug: // ---- build task 填充脚本数据到 settings.json ---- (16ms)
2024-12-18 12:44:01 - debug: run build task 填充脚本数据到 settings.json success in 16 ms√, progress: 32%
2024-12-18 12:44:01 - debug: [Build Memory track]: 填充脚本数据到 settings.json start:164.82MB, end 164.91MB, increase: 89.84KB
2024-12-18 12:44:01 - debug: 整理部分构建选项内数据到 settings.json start, progress: 32%
2024-12-18 12:44:01 - debug: // ---- build task 整理部分构建选项内数据到 settings.json ----
2024-12-18 12:44:02 - debug: // ---- build task 整理部分构建选项内数据到 settings.json ---- (19ms)
2024-12-18 12:44:02 - debug: run build task 整理部分构建选项内数据到 settings.json success in 19 ms√, progress: 34%
2024-12-18 12:44:02 - debug: [Build Memory track]: 整理部分构建选项内数据到 settings.json start:164.95MB, end 165.13MB, increase: 192.38KB
2024-12-18 12:44:02 - debug: web-desktop:(onBeforeCompressSettings) start..., progress: 34%
2024-12-18 12:44:02 - debug: // ---- build task web-desktop：onBeforeCompressSettings ----
2024-12-18 12:44:02 - debug: // ---- build task web-desktop：onBeforeCompressSettings ---- (16ms)
2024-12-18 12:44:02 - debug: web-desktop:(onBeforeCompressSettings) in 16 ms ✓, progress: 36%
2024-12-18 12:44:02 - debug: cocos-service:(onBeforeCompressSettings) start..., progress: 36%
2024-12-18 12:44:02 - debug: // ---- build task cocos-service：onBeforeCompressSettings ----
2024-12-18 12:44:02 - debug: // ---- build task cocos-service：onBeforeCompressSettings ---- (134ms)
2024-12-18 12:44:02 - debug: cocos-service:(onBeforeCompressSettings) in 134 ms ✓, progress: 38%
2024-12-18 12:44:02 - debug: 整理静态模板文件 start, progress: 38%
2024-12-18 12:44:02 - debug: // ---- build task 整理静态模板文件 ----
2024-12-18 12:44:02 - debug: // ---- build task 整理静态模板文件 ---- (93ms)
2024-12-18 12:44:02 - debug: run build task 整理静态模板文件 success in 93 ms√, progress: 43%
2024-12-18 12:44:02 - debug: [Build Memory track]: 整理静态模板文件 start:164.00MB, end 167.79MB, increase: 3.79MB
2024-12-18 12:44:02 - debug: cocos-service:(onAfterCompressSettings) start..., progress: 43%
2024-12-18 12:44:02 - debug: // ---- build task cocos-service：onAfterCompressSettings ----
2024-12-18 12:44:02 - debug: // ---- build task cocos-service：onAfterCompressSettings ---- (85ms)
2024-12-18 12:44:02 - debug: cocos-service:(onAfterCompressSettings) in 85 ms ✓, progress: 45%
2024-12-18 12:44:02 - debug: web-desktop:(onBeforeCopyBuildTemplate) start..., progress: 45%
2024-12-18 12:44:02 - debug: // ---- build task web-desktop：onBeforeCopyBuildTemplate ----
2024-12-18 12:44:02 - debug: // ---- build task web-desktop：onBeforeCopyBuildTemplate ---- (59ms)
2024-12-18 12:44:02 - debug: web-desktop:(onBeforeCopyBuildTemplate) in 59 ms ✓, progress: 46%
2024-12-18 12:44:02 - debug: 给所有的资源加上 MD5 后缀 start, progress: 46%
2024-12-18 12:44:02 - debug: // ---- build task 给所有的资源加上 MD5 后缀 ----
2024-12-18 12:44:02 - debug: // ---- build task 给所有的资源加上 MD5 后缀 ---- (16ms)
2024-12-18 12:44:02 - debug: run build task 给所有的资源加上 MD5 后缀 success in 16 ms√, progress: 56%
2024-12-18 12:44:02 - debug: [Build Memory track]: 给所有的资源加上 MD5 后缀 start:167.42MB, end 167.51MB, increase: 90.13KB
2024-12-18 12:44:02 - debug: cocos-service:(onAfterBuild) start..., progress: 56%
2024-12-18 12:44:02 - debug: // ---- build task cocos-service：onAfterBuild ----
2024-12-18 12:44:02 - debug: // ---- build task cocos-service：onAfterBuild ---- (95ms)
2024-12-18 12:44:02 - debug: cocos-service:(onAfterBuild) in 95 ms ✓, progress: 58%
2024-12-18 12:44:02 - debug: adsense-h5g-plugin:(onAfterBuild) start..., progress: 58%
2024-12-18 12:44:02 - debug: // ---- build task adsense-h5g-plugin：onAfterBuild ----
2024-12-18 12:44:02 - debug: // ---- build task adsense-h5g-plugin：onAfterBuild ---- (20ms)
2024-12-18 12:44:02 - debug: adsense-h5g-plugin:(onAfterBuild) in 20 ms ✓, progress: 60%
2024-12-18 12:44:02 - log: Asset DB is resume!
2024-12-18 12:44:02 - debug: builder:build-project-total (7615ms)
2024-12-18 12:44:02 - debug: build success in 7615!
2024-12-18 12:44:02 - debug: [Build Memory track]: builder:build-project-total start:161.19MB, end 168.59MB, increase: 7.40MB
2024-12-18 12:44:02 - debug: ================================ build Task (web-desktop) Finished in (7 s)ms ================================
