2024-12-17 22:10:00 - debug: =================================== build Task (web-desktop) Start ================================
2024-12-17 22:10:00 - debug: Start build task, options:{"name":"solt","server":"","platform":"web-desktop","buildPath":"project://build","debug":false,"md5Cache":false,"skipCompressTexture":false,"sourceMaps":false,"overwriteProjectSettings":{"includeModules":{"gfx-webgl2":"on","physics":"inherit-project-setting","physics-2d":"inherit-project-setting"},"macroConfig":{"cleanupImageCache":"inherit-project-setting"}},"nativeCodeBundleMode":"both","polyfills":{"asyncFunctions":true},"experimentalEraseModules":false,"startSceneAssetBundle":false,"bundleConfigs":[],"useBuiltinServer":false,"md5CacheOptions":{"excludes":[],"includes":[],"replaceOnly":[],"handleTemplateMd5Link":true},"mainBundleIsRemote":false,"mainBundleCompressionType":"merge_dep","useSplashScreen":true,"bundleCommonChunk":false,"packAutoAtlas":true,"startScene":"f418e10c-b05b-4c36-a9ae-50d5675301bb","outputName":"slot","taskName":"web-desktop","scenes":[{"url":"db://assets/scenes/game.scene","uuid":"f418e10c-b05b-4c36-a9ae-50d5675301bb"}],"wasmCompressionMode":false,"packages":{"web-desktop":{"useWebGPU":false,"resolution":{"designWidth":1280,"designHeight":960},"__version__":"1.0.1"},"adsense-h5g-plugin":{"enableAdsense":false,"enableTestAd":false,"__version__":"1.0.1","AFPHostPropertyCode":"ca-host-pub-5396158963872751","AFPHostDomain":"douyougame.com","otherAFPHostPropertyCode":"","otherAFPDomain":""},"cocos-service":{"configID":"167abd","services":[],"__version__":"3.0.7"}},"__version__":"1.3.8","buildMode":"normal","logDest":"project://temp/builder/log/web-desktop2024-12-17 22-10.log"}
2024-12-17 22:10:00 - debug: Build with Cocos Creator 3.8.4
2024-12-17 22:10:00 - debug: cocos-service:(onBeforeBuild) start..., progress: 0%
2024-12-17 22:10:00 - debug: // ---- build task cocos-service：onBeforeBuild ----
2024-12-17 22:10:00 - debug: // ---- build task cocos-service：onBeforeBuild ---- (226ms)
2024-12-17 22:10:00 - debug: cocos-service:(onBeforeBuild) in 226 ms ✓, progress: 2%
2024-12-17 22:10:00 - debug: scene:(onBeforeBuild) start..., progress: 2%
2024-12-17 22:10:00 - debug: // ---- build task scene：onBeforeBuild ----
2024-12-17 22:10:00 - debug: // ---- build task scene：onBeforeBuild ---- (17ms)
2024-12-17 22:10:00 - debug: scene:(onBeforeBuild) in 17 ms ✓, progress: 4%
2024-12-17 22:10:00 - debug: Start lock asset db..., progress: 4%
2024-12-17 22:10:00 - log: Asset DB is paused with build!
2024-12-17 22:10:00 - debug: Query all assets info in project
2024-12-17 22:10:00 - debug: init custom config: keepNodeUuid: false, useCache: true
2024-12-17 22:10:00 - debug: web-desktop:(onAfterInit) start..., progress: 4%
2024-12-17 22:10:00 - debug: // ---- build task web-desktop：onAfterInit ----
2024-12-17 22:10:00 - debug: // ---- build task web-desktop：onAfterInit ---- (7ms)
2024-12-17 22:10:00 - debug: web-desktop:(onAfterInit) in 7 ms ✓, progress: 5%
2024-12-17 22:10:00 - debug: cocos-service:(onAfterInit) start..., progress: 5%
2024-12-17 22:10:00 - debug: // ---- build task cocos-service：onAfterInit ----
2024-12-17 22:10:01 - debug: // ---- build task cocos-service：onAfterInit ---- (168ms)
2024-12-17 22:10:01 - debug: cocos-service:(onAfterInit) in 168 ms ✓, progress: 7%
2024-12-17 22:10:01 - debug: engine:(onAfterInit) start..., progress: 7%
2024-12-17 22:10:01 - debug: // ---- build task engine：onAfterInit ----
2024-12-17 22:10:01 - debug: // ---- build task engine：onAfterInit ---- (24ms)
2024-12-17 22:10:01 - debug: engine:(onAfterInit) in 24 ms ✓, progress: 9%
2024-12-17 22:10:01 - debug: adsense-h5g-plugin:(onBeforeBundleInit) start..., progress: 9%
2024-12-17 22:10:01 - debug: // ---- build task adsense-h5g-plugin：onBeforeBundleInit ----
2024-12-17 22:10:01 - debug: [adsense-h5g-plugin] remove script success
2024-12-17 22:10:01 - debug: // ---- build task adsense-h5g-plugin：onBeforeBundleInit ---- (17ms)
2024-12-17 22:10:01 - debug: adsense-h5g-plugin:(onBeforeBundleInit) in 17 ms ✓, progress: 9%
2024-12-17 22:10:01 - debug: Init all bundles start..., progress: 9%
2024-12-17 22:10:01 - debug: Num of bundles: 3..., progress: 9%
2024-12-17 22:10:01 - debug: web-desktop:(onAfterBundleInit) start..., progress: 9%
2024-12-17 22:10:01 - debug: // ---- build task web-desktop：onAfterBundleInit ----
2024-12-17 22:10:01 - debug: // ---- build task web-desktop：onAfterBundleInit ---- (19ms)
2024-12-17 22:10:01 - debug: web-desktop:(onAfterBundleInit) in 19 ms ✓, progress: 9%
2024-12-17 22:10:01 - debug: 查询 Asset Bundle start, progress: 9%
2024-12-17 22:10:01 - debug: // ---- build task 查询 Asset Bundle ----
2024-12-17 22:10:01 - debug: Init bundle root assets start..., progress: 9%
2024-12-17 22:10:01 - debug: Query preload assets/scripts from cc.config.json: 60f7195c-ec2a-45eb-ba94-8955f60e81d0,1c02ae6f-4492-4915-b8f8-7492a3b1e4cd,810e96e4-e456-4468-9b59-f4e8f39732c0,efe8e2a3-eace-427b-b4f1-cb8a937ec77d,e9aa9a3e-5b2b-4ac7-a2c7-073de2b2b24f,8bbdbcdd-5cd4-4100-b6d5-b7c9625b6107,50f4348b-c883-4e2f-8f11-ce233b859fa1,fda095cb-831d-4601-ad94-846013963de8,f92806d7-1768-443f-afe8-12bcde84d0f0,dd3a144d-ab7f-41f0-82b8-2e43a090d496,f0416e68-0200-4b77-a926-4f9d16e494da,970b0598-bcb0-4714-91fb-2e81440dccd8,bcd64cc6-2dd9-43f6-abbe-66318d332032,d930590d-bb92-4cc8-8bd1-23cd027f9edf,a3cd009f-0ab0-420d-9278-b9fdab939bbc,6a2d0734-bd9e-4ddf-946e-caa52498cb75,c27215d8-6835-4b68-bfbb-bdeac6100c04,b5d6115f-0370-4d7c-aad3-c194cc71cf98,871c3b6c-7379-419d-bda3-794b239ab90d,ff9b0199-ce04-4cfe-86cc-6c719f08d6e4,de1c2107-70c8-4021-8459-6399f24d01c6,cbf30902-517f-40dc-af90-a550bac27cf1
2024-12-17 22:10:01 - debug:   Number of all scenes: 1
2024-12-17 22:10:01 - debug:   Number of all scripts: 10
2024-12-17 22:10:01 - debug:   Number of other assets: 350
2024-12-17 22:10:01 - debug: Init bundle root assets success..., progress: 9%
2024-12-17 22:10:01 - debug: reload all scripts.
2024-12-17 22:10:01 - debug: Set detail map pack:///resolution-detail-map.json: {}
2024-12-17 22:10:01 - groupCollapsed: Invalidate all modules
2024-12-17 22:10:01 - debug: Unregister MusicController
2024-12-17 22:10:01 - debug: Unregister GameController
2024-12-17 22:10:01 - debug: Unregister ResultController
2024-12-17 22:10:01 - debug: Unregister BuiltinPipelineSettings
2024-12-17 22:10:01 - debug: Unregister DebugViewRuntimeControl
2024-12-17 22:10:01 - debug: Invalidating 'pack:///chunks/93/93ba276ea7b26ffcdc433fab14afc1ed6f05647b.js'
2024-12-17 22:10:01 - debug: Invalidating 'pack:///chunks/6d/6d8fd2b0177941b032ddc0733af48a561fb60657.js'
2024-12-17 22:10:01 - debug: Invalidating 'pack:///chunks/cf/cf4d118ab17c93dcab0460ac24c51c5169b734da.js'
2024-12-17 22:10:01 - debug: Invalidating 'pack:///chunks/6a/6a5019a719a9014c047e67aa1cf34453ab8392ce.js'
2024-12-17 22:10:01 - debug: Invalidating 'pack:///chunks/64/6442b4278b3c06ff9b1e003b06429b84174ac7d2.js'
2024-12-17 22:10:01 - debug: Invalidating 'pack:///chunks/20/205daa0e5ebd1808258605f603ade351db7b3c96.js'
2024-12-17 22:10:01 - debug: Invalidating 'pack:///chunks/ef/ef8b7fc0216763532135b4bd5fa3fcfad83ace18.js'
2024-12-17 22:10:01 - debug: Invalidating 'pack:///chunks/a4/a4483707c9c1c1a4dde6cf7e18e999fcdc372f63.js'
2024-12-17 22:10:01 - debug: Invalidating 'pack:///chunks/3e/3eb04f4c26f429883150bd04565fe38e13bf14c1.js'
2024-12-17 22:10:01 - debug: Invalidating 'pack:///chunks/d6/d6137fe08bf966a053351bb405928e5a6390befd.js'
2024-12-17 22:10:01 - debug: Invalidating 'pack:///chunks/b3/b349769b96cc4c1dff92d5d6f941366e27a02c6b.js'
2024-12-17 22:10:01 - debug: Invalidating 'pack:///chunks/59/59b7958b47eec6168615a6469581f8f48e26cb00.js'
2024-12-17 22:10:01 - debug: Invalidating 'pack:///chunks/97/9758c8bdbb4fd247ebce274d105abb8265561b82.js'
2024-12-17 22:10:01 - groupEnd: Invalidate all modules
2024-12-17 22:10:01 - groupCollapsed: Imports all modules
2024-12-17 22:10:01 - debug: [[Executor]] Module "pack:///chunks/93/93ba276ea7b26ffcdc433fab14afc1ed6f05647b.js" loaded.
2024-12-17 22:10:01 - debug: [[Executor]] Module "pack:///chunks/6d/6d8fd2b0177941b032ddc0733af48a561fb60657.js" loaded.
2024-12-17 22:10:01 - debug: [[Executor]] Module "pack:///chunks/6a/6a5019a719a9014c047e67aa1cf34453ab8392ce.js" loaded.
2024-12-17 22:10:01 - debug: [[Executor]] Register MusicController
2024-12-17 22:10:01 - debug: [[Executor]] Module "pack:///chunks/64/6442b4278b3c06ff9b1e003b06429b84174ac7d2.js" loaded.
2024-12-17 22:10:01 - debug: [[Executor]] Module "pack:///chunks/a4/a4483707c9c1c1a4dde6cf7e18e999fcdc372f63.js" loaded.
2024-12-17 22:10:01 - debug: [[Executor]] Module "pack:///chunks/20/205daa0e5ebd1808258605f603ade351db7b3c96.js" loaded.
2024-12-17 22:10:01 - debug: [[Executor]] Module "pack:///chunks/ef/ef8b7fc0216763532135b4bd5fa3fcfad83ace18.js" loaded.
2024-12-17 22:10:01 - debug: [[Executor]] Register GameController
2024-12-17 22:10:01 - debug: [[Executor]] Module "pack:///chunks/cf/cf4d118ab17c93dcab0460ac24c51c5169b734da.js" loaded.
2024-12-17 22:10:01 - debug: [[Executor]] Register ResultController
2024-12-17 22:10:01 - debug: [[Executor]] Module "pack:///chunks/3e/3eb04f4c26f429883150bd04565fe38e13bf14c1.js" loaded.
2024-12-17 22:10:01 - debug: [[Executor]] Module "pack:///chunks/b3/b349769b96cc4c1dff92d5d6f941366e27a02c6b.js" loaded.
2024-12-17 22:10:01 - debug: [[Executor]] Register BuiltinPipelineSettings
2024-12-17 22:10:01 - debug: [[Executor]] Module "pack:///chunks/d6/d6137fe08bf966a053351bb405928e5a6390befd.js" loaded.
2024-12-17 22:10:01 - debug: [[Executor]] Module "pack:///chunks/59/59b7958b47eec6168615a6469581f8f48e26cb00.js" loaded.
2024-12-17 22:10:01 - debug: [[Executor]] Register DebugViewRuntimeControl
2024-12-17 22:10:01 - debug: [[Executor]] Module "pack:///chunks/97/9758c8bdbb4fd247ebce274d105abb8265561b82.js" loaded.
2024-12-17 22:10:01 - debug: [[Executor]] Module "pack:///chunks/6d/6d8fd2b0177941b032ddc0733af48a561fb60657.js" loaded.
2024-12-17 22:10:01 - groupEnd: Imports all modules
2024-12-17 22:10:01 - debug: Incremental keys: 
2024-12-17 22:10:01 - debug: Init bundle share assets start..., progress: 9%
2024-12-17 22:10:01 - debug: Init bundle share assets success..., progress: 9%
2024-12-17 22:10:01 - debug: handle json group in bundle internal
2024-12-17 22:10:01 - debug: handle json group in bundle internal success
2024-12-17 22:10:01 - debug: handle json group in bundle resources
2024-12-17 22:10:01 - debug: handle json group in bundle main
2024-12-17 22:10:01 - debug: init image compress task 0 in bundle internal
2024-12-17 22:10:01 - debug: handle json group in bundle resources success
2024-12-17 22:10:01 - debug: init image compress task 0 in bundle resources
2024-12-17 22:10:01 - debug: handle json group in bundle main success
2024-12-17 22:10:01 - debug: init image compress task 0 in bundle main
2024-12-17 22:10:01 - debug: // ---- build task 查询 Asset Bundle ---- (68ms)
2024-12-17 22:10:01 - debug: run build task 查询 Asset Bundle success in 68 ms√, progress: 14%
2024-12-17 22:10:01 - debug: [Build Memory track]: 查询 Asset Bundle start:159.64MB, end 160.22MB, increase: 595.31KB
2024-12-17 22:10:01 - debug: 查询 Asset Bundle start, progress: 14%
2024-12-17 22:10:01 - debug: // ---- build task 查询 Asset Bundle ----
2024-12-17 22:10:01 - debug: // ---- build task 查询 Asset Bundle ---- (13ms)
2024-12-17 22:10:01 - debug: run build task 查询 Asset Bundle success in 13 ms√, progress: 19%
2024-12-17 22:10:01 - debug: [Build Memory track]: 查询 Asset Bundle start:160.25MB, end 160.38MB, increase: 132.07KB
2024-12-17 22:10:01 - debug: 打包脚本 start, progress: 19%
2024-12-17 22:10:01 - debug: // ---- build task 打包脚本 ----
2024-12-17 22:10:01 - log: Run build task(build-script) in child, see: chrome://inspect/#devices
2024-12-17 22:10:01 - log: [build-script]enter sub process 6020, C:\ProgramData\cocos\editors\Creator\3.8.4\CocosCreator.exe,C:\ProgramData\cocos\editors\Creator\3.8.4\resources\app.asar\builtin\builder\static\sub-process-index
2024-12-17 22:10:03 - debug: excute-script over with build-script 2708ms
2024-12-17 22:10:03 - debug: Generate systemJs..., progress: 19%
2024-12-17 22:10:03 - log: Run build task(build-script) in child, see: chrome://inspect/#devices
2024-12-17 22:10:05 - debug: excute-script over with build-script 1883ms
2024-12-17 22:10:05 - debug: 构建项目脚本 start..., progress: 19%
2024-12-17 22:10:05 - debug: Build script in bundle start, progress: 19%
2024-12-17 22:10:05 - log: Run build task(build-script) in child, see: chrome://inspect/#devices
2024-12-17 22:10:07 - debug: excute-script over with build-script 1991ms
2024-12-17 22:10:07 - debug: Copy externalScripts success!
2024-12-17 22:10:07 - debug: Build script in bundle success, progress: 19%
2024-12-17 22:10:07 - debug: 构建项目脚本 in (2047 ms) √, progress: 19%
2024-12-17 22:10:07 - debug: 构建引擎脚本 start..., progress: 19%
2024-12-17 22:10:07 - debug: Use cache engine: {link(C:\Users\eulao\AppData\Local\Temp\CocosCreator\3.8.4\builder\engine\eb7d0cd3e5af492055d3e19fa6d2581f)}
2024-12-17 22:10:07 - debug: {"debug":false,"sourceMaps":false,"includeModules":["2d","animation","audio","base","custom-pipeline","dragon-bones","gfx-webgl","gfx-webgl2","intersection-2d","particle-2d","physics-2d-box2d","profiler","spine","tiled-map","tween","ui","video","webview","custom-pipeline-builtin-scripts"],"engineVersion":"3.8.4","md5Map":[],"engineName":"cocos-js","platform":"HTML5","useCache":true,"nativeCodeBundleMode":"both","wasmCompressionMode":false,"assetURLFormat":"runtime-resolved","output":"C:\\Cocos\\slot\\build\\slot\\cocos-js","flags":{"DEBUG":false,"WEBGPU":false},"entry":"C:\\ProgramData\\cocos\\editors\\Creator\\3.8.4\\resources\\resources\\3d\\engine"}
2024-12-17 22:10:08 - debug: 构建引擎脚本 in (81 ms) √, progress: 19%
2024-12-17 22:10:08 - debug: Copy plugin script ..., progress: 19%
2024-12-17 22:10:08 - debug: Generate import-map..., progress: 19%
2024-12-17 22:10:08 - debug: // ---- build task 打包脚本 ---- (6754ms)
2024-12-17 22:10:08 - debug: run build task 打包脚本 success in 6 s√, progress: 24%
2024-12-17 22:10:08 - debug: [Build Memory track]: 打包脚本 start:160.51MB, end 160.19MB, increase: -324.13KB
2024-12-17 22:10:08 - debug: Build Assets start, progress: 24%
2024-12-17 22:10:08 - debug: // ---- build task Build Assets ----
2024-12-17 22:10:08 - debug: Build bundles..., progress: 24%
2024-12-17 22:10:08 - debug: Pack Images start, progress: 24%
2024-12-17 22:10:08 - debug: builder:pack-auto-atlas-image (31ms)
2024-12-17 22:10:08 - debug: Pack Images success, progress: 24%
2024-12-17 22:10:08 - debug: Compress image start..., progress: 24%
2024-12-17 22:10:08 - group: Compress image...
2024-12-17 22:10:08 - debug: sort compress task {}
2024-12-17 22:10:08 - debug: Num of all image compress task 0, really: 0, configTasks: 0
2024-12-17 22:10:08 - debug: No image need to compress
2024-12-17 22:10:08 - groupEnd: Compress image...
2024-12-17 22:10:08 - debug: Compress image success..., progress: 24%
2024-12-17 22:10:08 - debug: Output asset in bundles start, progress: 24%
2024-12-17 22:10:08 - debug: Handle all json groups in bundle internal
2024-12-17 22:10:08 - debug: handle json group
2024-12-17 22:10:08 - debug: Handle all json groups in bundle resources
2024-12-17 22:10:08 - debug: handle json group
2024-12-17 22:10:08 - debug: Handle all json groups in bundle main
2024-12-17 22:10:08 - debug: handle json group
2024-12-17 22:10:08 - debug: Json group(042f62350) compile success，json number: 6
2024-12-17 22:10:08 - debug: Json group(0d2cb1778) compile success，json number: 6
2024-12-17 22:10:08 - debug: handle single json
2024-12-17 22:10:08 - debug: Json group(08fc54842) compile success，json number: 6
2024-12-17 22:10:08 - debug: Json group(0a55c2874) compile success，json number: 6
2024-12-17 22:10:08 - debug: Json group(015aee91a) compile success，json number: 6
2024-12-17 22:10:08 - debug: handle single json
2024-12-17 22:10:08 - debug: Json group(06585a170) compile success，json number: 6
2024-12-17 22:10:08 - debug: handle single json
2024-12-17 22:10:08 - debug: Output asset in bundles success, progress: 24%
2024-12-17 22:10:08 - debug: Output asset in bundles start, progress: 24%
2024-12-17 22:10:08 - debug: compress config of bundle internal...
2024-12-17 22:10:08 - debug: compress config of bundle internal success
2024-12-17 22:10:08 - debug: compress config of bundle resources...
2024-12-17 22:10:08 - debug: compress config of bundle resources success
2024-12-17 22:10:08 - debug: compress config of bundle main...
2024-12-17 22:10:08 - debug: compress config of bundle main success
2024-12-17 22:10:08 - debug: output config of bundle internal
2024-12-17 22:10:08 - debug: output config of bundle internal success
2024-12-17 22:10:08 - debug: output config of bundle resources
2024-12-17 22:10:08 - debug: output config of bundle resources success
2024-12-17 22:10:08 - debug: output config of bundle main
2024-12-17 22:10:08 - debug: output config of bundle main success
2024-12-17 22:10:08 - debug: Output asset in bundles success, progress: 24%
2024-12-17 22:10:08 - debug: // ---- build task Build Assets ---- (128ms)
2024-12-17 22:10:08 - debug: run build task Build Assets success in 128 ms√, progress: 29%
2024-12-17 22:10:08 - debug: [Build Memory track]: Build Assets start:160.23MB, end 161.67MB, increase: 1.44MB
2024-12-17 22:10:08 - debug: 整理部分构建选项内数据到 settings.json start, progress: 29%
2024-12-17 22:10:08 - debug: // ---- build task 整理部分构建选项内数据到 settings.json ----
2024-12-17 22:10:08 - debug: // ---- build task 整理部分构建选项内数据到 settings.json ---- (14ms)
2024-12-17 22:10:08 - debug: run build task 整理部分构建选项内数据到 settings.json success in 14 ms√, progress: 31%
2024-12-17 22:10:08 - debug: [Build Memory track]: 整理部分构建选项内数据到 settings.json start:161.76MB, end 161.83MB, increase: 69.65KB
2024-12-17 22:10:08 - debug: 填充脚本数据到 settings.json start, progress: 31%
2024-12-17 22:10:08 - debug: // ---- build task 填充脚本数据到 settings.json ----
2024-12-17 22:10:08 - debug: // ---- build task 填充脚本数据到 settings.json ---- (18ms)
2024-12-17 22:10:08 - debug: run build task 填充脚本数据到 settings.json success in 18 ms√, progress: 32%
2024-12-17 22:10:08 - debug: [Build Memory track]: 填充脚本数据到 settings.json start:161.87MB, end 161.94MB, increase: 71.76KB
2024-12-17 22:10:08 - debug: 整理部分构建选项内数据到 settings.json start, progress: 32%
2024-12-17 22:10:08 - debug: // ---- build task 整理部分构建选项内数据到 settings.json ----
2024-12-17 22:10:08 - debug: // ---- build task 整理部分构建选项内数据到 settings.json ---- (26ms)
2024-12-17 22:10:08 - debug: run build task 整理部分构建选项内数据到 settings.json success in 26 ms√, progress: 34%
2024-12-17 22:10:08 - debug: [Build Memory track]: 整理部分构建选项内数据到 settings.json start:161.97MB, end 162.16MB, increase: 193.73KB
2024-12-17 22:10:08 - debug: web-desktop:(onBeforeCompressSettings) start..., progress: 34%
2024-12-17 22:10:08 - debug: // ---- build task web-desktop：onBeforeCompressSettings ----
2024-12-17 22:10:08 - debug: // ---- build task web-desktop：onBeforeCompressSettings ---- (15ms)
2024-12-17 22:10:08 - debug: web-desktop:(onBeforeCompressSettings) in 15 ms ✓, progress: 36%
2024-12-17 22:10:08 - debug: cocos-service:(onBeforeCompressSettings) start..., progress: 36%
2024-12-17 22:10:08 - debug: // ---- build task cocos-service：onBeforeCompressSettings ----
2024-12-17 22:10:08 - debug: // ---- build task cocos-service：onBeforeCompressSettings ---- (171ms)
2024-12-17 22:10:08 - debug: cocos-service:(onBeforeCompressSettings) in 171 ms ✓, progress: 38%
2024-12-17 22:10:08 - debug: 整理静态模板文件 start, progress: 38%
2024-12-17 22:10:08 - debug: // ---- build task 整理静态模板文件 ----
2024-12-17 22:10:08 - debug: // ---- build task 整理静态模板文件 ---- (40ms)
2024-12-17 22:10:08 - debug: run build task 整理静态模板文件 success in 40 ms√, progress: 43%
2024-12-17 22:10:08 - debug: [Build Memory track]: 整理静态模板文件 start:162.42MB, end 161.90MB, increase: -532.79KB
2024-12-17 22:10:08 - debug: cocos-service:(onAfterCompressSettings) start..., progress: 43%
2024-12-17 22:10:08 - debug: // ---- build task cocos-service：onAfterCompressSettings ----
2024-12-17 22:10:08 - debug: // ---- build task cocos-service：onAfterCompressSettings ---- (149ms)
2024-12-17 22:10:08 - debug: cocos-service:(onAfterCompressSettings) in 149 ms ✓, progress: 45%
2024-12-17 22:10:08 - debug: web-desktop:(onBeforeCopyBuildTemplate) start..., progress: 45%
2024-12-17 22:10:08 - debug: // ---- build task web-desktop：onBeforeCopyBuildTemplate ----
2024-12-17 22:10:08 - debug: // ---- build task web-desktop：onBeforeCopyBuildTemplate ---- (30ms)
2024-12-17 22:10:08 - debug: web-desktop:(onBeforeCopyBuildTemplate) in 30 ms ✓, progress: 46%
2024-12-17 22:10:08 - debug: 给所有的资源加上 MD5 后缀 start, progress: 46%
2024-12-17 22:10:08 - debug: // ---- build task 给所有的资源加上 MD5 后缀 ----
2024-12-17 22:10:08 - debug: // ---- build task 给所有的资源加上 MD5 后缀 ---- (13ms)
2024-12-17 22:10:08 - debug: run build task 给所有的资源加上 MD5 后缀 success in 13 ms√, progress: 56%
2024-12-17 22:10:08 - debug: [Build Memory track]: 给所有的资源加上 MD5 后缀 start:163.13MB, end 163.19MB, increase: 68.11KB
2024-12-17 22:10:08 - debug: cocos-service:(onAfterBuild) start..., progress: 56%
2024-12-17 22:10:08 - debug: // ---- build task cocos-service：onAfterBuild ----
2024-12-17 22:10:08 - debug: // ---- build task cocos-service：onAfterBuild ---- (146ms)
2024-12-17 22:10:08 - debug: cocos-service:(onAfterBuild) in 146 ms ✓, progress: 58%
2024-12-17 22:10:08 - debug: adsense-h5g-plugin:(onAfterBuild) start..., progress: 58%
2024-12-17 22:10:08 - debug: // ---- build task adsense-h5g-plugin：onAfterBuild ----
2024-12-17 22:10:08 - debug: // ---- build task adsense-h5g-plugin：onAfterBuild ---- (13ms)
2024-12-17 22:10:08 - debug: adsense-h5g-plugin:(onAfterBuild) in 13 ms ✓, progress: 60%
2024-12-17 22:10:08 - log: Asset DB is resume!
2024-12-17 22:10:08 - debug: builder:build-project-total (8127ms)
2024-12-17 22:10:08 - debug: build success in 8127!
2024-12-17 22:10:08 - debug: [Build Memory track]: builder:build-project-total start:159.14MB, end 162.71MB, increase: 3.57MB
2024-12-17 22:10:08 - debug: ================================ build Task (web-desktop) Finished in (8 s)ms ================================
