2024-12-22 12:09:54 - log: Load engine in C:\ProgramData\cocos\editors\Creator\3.8.4\resources\resources\3d\engine
2024-12-22 12:09:55 - log: Profile changed: engine (modules.includeModules: 2d,animation,audio,base,custom-pipeline,dragon-bones,gfx-webgl,gfx-webgl2,intersection-2d,particle-2d,physics-2d-box2d,profiler,spine,tiled-map,tween,ui,video,webview)
2024-12-22 12:09:55 - log: Register native engine in C:\ProgramData\cocos\editors\Creator\3.8.4\resources\resources\3d\engine\native
2024-12-22 12:09:55 - log: Request namespace: device-list
2024-12-22 12:10:28 - log: [Scene] meshopt wasm decoder initialized
2024-12-22 12:10:28 - log: [Scene] [box2d]:box2d wasm lib loaded.
2024-12-22 12:10:28 - log: [Scene] [bullet]:bullet wasm lib loaded.
2024-12-22 12:10:28 - log: [Scene] [PHYSICS]: using builtin.
2024-12-22 12:10:29 - log: [Scene] Cocos Creator v3.8.4
2024-12-22 12:10:29 - log: [Scene] Using custom pipeline: Builtin
2024-12-22 12:10:29 - log: [Scene] [PHYSICS2D]: switch from box2d-wasm to box2d.
2024-12-22 12:11:01 - warn: [Assets] 为更好地打开脚本，请在 {preferences} -> {program} -> {scriptEditor} 里配置打开脚本的应用程序Warn: [Assets] 为更好地打开脚本，请在 {preferences} -> {program} -> {scriptEditor} 里配置打开脚本的应用程序
    at Object.warn (C:\ProgramData\cocos\editors\Creator\3.8.4\resources\app.asar\node_modules\@sentry\src\instrument\console.ts:40:20)
    at Object.warn (C:\ProgramData\cocos\editors\Creator\3.8.4\resources\app.asar\builtin\asset-db\dist\worker\console.ccc:1:1510)
    at findVsCode (C:\ProgramData\cocos\editors\Creator\3.8.4\resources\app.asar\modules\engine-extensions\extensions\engine-extends\dist\handler\utils.ccc:1:3546)
    at Object.openCode [as open] (C:\ProgramData\cocos\editors\Creator\3.8.4\resources\app.asar\modules\engine-extensions\extensions\engine-extends\dist\handler\utils.ccc:1:3282)
    at Ipc.<anonymous> (C:\ProgramData\cocos\editors\Creator\3.8.4\resources\app.asar\builtin\asset-db\dist\worker\ipc.ccc:1:526)
2024-12-22 12:11:26 - warn: [Assets] 为更好地打开脚本，请在 {preferences} -> {program} -> {scriptEditor} 里配置打开脚本的应用程序Warn: [Assets] 为更好地打开脚本，请在 {preferences} -> {program} -> {scriptEditor} 里配置打开脚本的应用程序
    at Object.warn (C:\ProgramData\cocos\editors\Creator\3.8.4\resources\app.asar\node_modules\@sentry\src\instrument\console.ts:40:20)
    at Object.warn (C:\ProgramData\cocos\editors\Creator\3.8.4\resources\app.asar\builtin\asset-db\dist\worker\console.ccc:1:1510)
    at findVsCode (C:\ProgramData\cocos\editors\Creator\3.8.4\resources\app.asar\modules\engine-extensions\extensions\engine-extends\dist\handler\utils.ccc:1:3546)
    at Object.openCode [as open] (C:\ProgramData\cocos\editors\Creator\3.8.4\resources\app.asar\modules\engine-extensions\extensions\engine-extends\dist\handler\utils.ccc:1:3282)
    at Ipc.<anonymous> (C:\ProgramData\cocos\editors\Creator\3.8.4\resources\app.asar\builtin\asset-db\dist\worker\ipc.ccc:1:526)
